2026-02-04 19:20:12,508 - SECURITY - WARNING - {"username": "abc", "event": "Nieprawid\u0142owe has\u0142o dla u\u017cytkownika", "logger": "services.auth_service", "level": "warning", "timestamp": "2026-02-04T18:20:12.507951Z"}
2026-02-04 19:20:12,508 - SECURITY - WARNING - {"username": "abc", "event": "Nieudana pr\u00f3ba logowania", "logger": "routes.auth", "level": "warning", "timestamp": "2026-02-04T18:20:12.508840Z"}
2026-02-04 22:29:58,083 - SECURITY - WARNING - {"username": "test", "event": "Nieprawid\u0142owe has\u0142o dla u\u017cytkownika", "logger": "services.auth_service", "level": "warning", "timestamp": "2026-02-04T21:29:58.083215Z"}
2026-02-04 22:29:58,088 - SECURITY - WARNING - {"username": "test", "event": "Nieudana pr\u00f3ba logowania", "logger": "routes.auth", "level": "warning", "timestamp": "2026-02-04T21:29:58.088733Z"}
2026-02-04 22:30:00,265 - SECURITY - WARNING - {"username": "test", "event": "Nieprawid\u0142owe has\u0142o dla u\u017cytkownika", "logger": "services.auth_service", "level": "warning", "timestamp": "2026-02-04T21:30:00.265669Z"}
2026-02-04 22:30:00,267 - SECURITY - WARNING - {"username": "test", "event": "Nieudana pr\u00f3ba logowania", "logger": "routes.auth", "level": "warning", "timestamp": "2026-02-04T21:30:00.267741Z"}
2026-02-04 22:30:00,758 - SECURITY - WARNING - {"username": "test", "event": "Nieprawid\u0142owe has\u0142o dla u\u017cytkownika", "logger": "services.auth_service", "level": "warning", "timestamp": "2026-02-04T21:30:00.758152Z"}
2026-02-04 22:30:00,758 - SECURITY - WARNING - {"username": "test", "event": "Nieudana pr\u00f3ba logowania", "logger": "routes.auth", "level": "warning", "timestamp": "2026-02-04T21:30:00.758712Z"}
2026-02-04 22:30:00,893 - SECURITY - WARNING - {"username": "test", "event": "Nieprawid\u0142owe has\u0142o dla u\u017cytkownika", "logger": "services.auth_service", "level": "warning", "timestamp": "2026-02-04T21:30:00.893027Z"}
2026-02-04 22:30:00,895 - SECURITY - WARNING - {"username": "test", "event": "Nieudana pr\u00f3ba logowania", "logger": "routes.auth", "level": "warning", "timestamp": "2026-02-04T21:30:00.895382Z"}
2026-02-04 22:30:01,049 - SECURITY - WARNING - {"username": "test", "event": "Nieprawid\u0142owe has\u0142o dla u\u017cytkownika", "logger": "services.auth_service", "level": "warning", "timestamp": "2026-02-04T21:30:01.049614Z"}
2026-02-04 22:30:01,053 - SECURITY - WARNING - {"username": "test", "event": "Nieudana pr\u00f3ba logowania", "logger": "routes.auth", "level": "warning", "timestamp": "2026-02-04T21:30:01.053438Z"}
2026-02-04 22:30:01,224 - SECURITY - WARNING - {"username": "test", "event": "Nieprawid\u0142owe has\u0142o dla u\u017cytkownika", "logger": "services.auth_service", "level": "warning", "timestamp": "2026-02-04T21:30:01.224242Z"}
2026-02-04 22:30:01,224 - SECURITY - WARNING - {"username": "test", "event": "Nieudana pr\u00f3ba logowania", "logger": "routes.auth", "level": "warning", "timestamp": "2026-02-04T21:30:01.224894Z"}
2026-02-04 22:30:01,401 - SECURITY - WARNING - {"username": "test", "event": "Nieprawid\u0142owe has\u0142o dla u\u017cytkownika", "logger": "services.auth_service", "level": "warning", "timestamp": "2026-02-04T21:30:01.401000Z"}
2026-02-04 22:30:01,403 - SECURITY - WARNING - {"username": "test", "event": "Nieudana pr\u00f3ba logowania", "logger": "routes.auth", "level": "warning", "timestamp": "2026-02-04T21:30:01.403186Z"}
2026-02-04 22:30:01,525 - SECURITY - WARNING - {"username": "test", "event": "Nieprawid\u0142owe has\u0142o dla u\u017cytkownika", "logger": "services.auth_service", "level": "warning", "timestamp": "2026-02-04T21:30:01.525696Z"}
2026-02-04 22:30:01,526 - SECURITY - WARNING - {"username": "test", "event": "Nieudana pr\u00f3ba logowania", "logger": "routes.auth", "level": "warning", "timestamp": "2026-02-04T21:30:01.526351Z"}
2026-02-04 22:30:01,629 - SECURITY - WARNING - {"username": "test", "event": "Nieprawid\u0142owe has\u0142o dla u\u017cytkownika", "logger": "services.auth_service", "level": "warning", "timestamp": "2026-02-04T21:30:01.629546Z"}
2026-02-04 22:30:01,631 - SECURITY - WARNING - {"username": "test", "event": "Nieudana pr\u00f3ba logowania", "logger": "routes.auth", "level": "warning", "timestamp": "2026-02-04T21:30:01.631192Z"}
2026-02-04 22:30:01,836 - SECURITY - WARNING - {"username": "test", "event": "Nieprawid\u0142owe has\u0142o dla u\u017cytkownika", "logger": "services.auth_service", "level": "warning", "timestamp": "2026-02-04T21:30:01.836230Z"}
2026-02-04 22:30:01,838 - SECURITY - WARNING - {"username": "test", "event": "Nieudana pr\u00f3ba logowania", "logger": "routes.auth", "level": "warning", "timestamp": "2026-02-04T21:30:01.838300Z"}
2026-02-04 23:23:04,344 - SECURITY - WARNING - {"username": "test", "event": "Nieprawid\u0142owe has\u0142o dla u\u017cytkownika", "logger": "services.auth_service", "level": "warning", "timestamp": "2026-02-04T22:23:04.344651Z"}
2026-02-04 23:23:04,347 - SECURITY - WARNING - {"username": "test", "event": "Nieudana pr\u00f3ba logowania", "logger": "routes.auth", "level": "warning", "timestamp": "2026-02-04T22:23:04.346988Z"}
2026-02-04 23:23:04,816 - SECURITY - WARNING - {"username": "test", "event": "Nieprawid\u0142owe has\u0142o dla u\u017cytkownika", "logger": "services.auth_service", "level": "warning", "timestamp": "2026-02-04T22:23:04.816339Z"}
2026-02-04 23:23:04,817 - SECURITY - WARNING - {"username": "test", "event": "Nieudana pr\u00f3ba logowania", "logger": "routes.auth", "level": "warning", "timestamp": "2026-02-04T22:23:04.817373Z"}
2026-02-04 23:23:05,338 - SECURITY - WARNING - {"username": "test", "event": "Nieprawid\u0142owe has\u0142o dla u\u017cytkownika", "logger": "services.auth_service", "level": "warning", "timestamp": "2026-02-04T22:23:05.338269Z"}
2026-02-04 23:23:05,339 - SECURITY - WARNING - {"username": "test", "event": "Nieudana pr\u00f3ba logowania", "logger": "routes.auth", "level": "warning", "timestamp": "2026-02-04T22:23:05.339265Z"}
2026-02-04 23:23:05,503 - SECURITY - WARNING - {"username": "test", "event": "Nieprawid\u0142owe has\u0142o dla u\u017cytkownika", "logger": "services.auth_service", "level": "warning", "timestamp": "2026-02-04T22:23:05.503193Z"}
2026-02-04 23:23:05,504 - SECURITY - WARNING - {"username": "test", "event": "Nieudana pr\u00f3ba logowania", "logger": "routes.auth", "level": "warning", "timestamp": "2026-02-04T22:23:05.504049Z"}
2026-02-04 23:23:05,657 - SECURITY - WARNING - {"username": "test", "event": "Nieprawid\u0142owe has\u0142o dla u\u017cytkownika", "logger": "services.auth_service", "level": "warning", "timestamp": "2026-02-04T22:23:05.657175Z"}
2026-02-04 23:23:05,658 - SECURITY - WARNING - {"username": "test", "event": "Nieudana pr\u00f3ba logowania", "logger": "routes.auth", "level": "warning", "timestamp": "2026-02-04T22:23:05.658026Z"}
2026-02-04 23:23:05,802 - SECURITY - WARNING - {"username": "test", "event": "Nieprawid\u0142owe has\u0142o dla u\u017cytkownika", "logger": "services.auth_service", "level": "warning", "timestamp": "2026-02-04T22:23:05.802829Z"}
2026-02-04 23:23:05,803 - SECURITY - WARNING - {"username": "test", "event": "Nieudana pr\u00f3ba logowania", "logger": "routes.auth", "level": "warning", "timestamp": "2026-02-04T22:23:05.803654Z"}
2026-02-04 23:23:05,914 - SECURITY - WARNING - {"username": "test", "event": "Nieprawid\u0142owe has\u0142o dla u\u017cytkownika", "logger": "services.auth_service", "level": "warning", "timestamp": "2026-02-04T22:23:05.914571Z"}
2026-02-04 23:23:05,915 - SECURITY - WARNING - {"username": "test", "event": "Nieudana pr\u00f3ba logowania", "logger": "routes.auth", "level": "warning", "timestamp": "2026-02-04T22:23:05.915520Z"}
2026-02-04 23:23:06,047 - SECURITY - WARNING - {"username": "test", "event": "Nieprawid\u0142owe has\u0142o dla u\u017cytkownika", "logger": "services.auth_service", "level": "warning", "timestamp": "2026-02-04T22:23:06.047470Z"}
2026-02-04 23:23:06,048 - SECURITY - WARNING - {"username": "test", "event": "Nieudana pr\u00f3ba logowania", "logger": "routes.auth", "level": "warning", "timestamp": "2026-02-04T22:23:06.048443Z"}
2026-02-04 23:23:06,236 - SECURITY - WARNING - {"username": "test", "event": "Nieprawid\u0142owe has\u0142o dla u\u017cytkownika", "logger": "services.auth_service", "level": "warning", "timestamp": "2026-02-04T22:23:06.235929Z"}
2026-02-04 23:23:06,236 - SECURITY - WARNING - {"username": "test", "event": "Nieudana pr\u00f3ba logowania", "logger": "routes.auth", "level": "warning", "timestamp": "2026-02-04T22:23:06.236781Z"}
2026-02-04 23:23:06,388 - SECURITY - WARNING - {"username": "test", "event": "Nieprawid\u0142owe has\u0142o dla u\u017cytkownika", "logger": "services.auth_service", "level": "warning", "timestamp": "2026-02-04T22:23:06.388634Z"}
2026-02-04 23:23:06,389 - SECURITY - WARNING - {"username": "test", "event": "Nieudana pr\u00f3ba logowania", "logger": "routes.auth", "level": "warning", "timestamp": "2026-02-04T22:23:06.389624Z"}
2026-02-05 00:29:22,067 - SECURITY - WARNING - {"username": "test", "event": "Nieprawid\u0142owe has\u0142o dla u\u017cytkownika", "logger": "services.auth_service", "level": "warning", "timestamp": "2026-02-04T23:29:22.067016Z"}
2026-02-05 00:29:22,068 - SECURITY - WARNING - {"username": "test", "event": "Nieudana pr\u00f3ba logowania", "logger": "routes.auth", "level": "warning", "timestamp": "2026-02-04T23:29:22.067940Z"}
2026-02-05 00:29:22,524 - SECURITY - WARNING - {"username": "test", "event": "Nieprawid\u0142owe has\u0142o dla u\u017cytkownika", "logger": "services.auth_service", "level": "warning", "timestamp": "2026-02-04T23:29:22.524569Z"}
2026-02-05 00:29:22,525 - SECURITY - WARNING - {"username": "test", "event": "Nieudana pr\u00f3ba logowania", "logger": "routes.auth", "level": "warning", "timestamp": "2026-02-04T23:29:22.525742Z"}
2026-02-05 00:29:22,694 - SECURITY - WARNING - {"username": "test", "event": "Nieprawid\u0142owe has\u0142o dla u\u017cytkownika", "logger": "services.auth_service", "level": "warning", "timestamp": "2026-02-04T23:29:22.694827Z"}
2026-02-05 00:29:22,695 - SECURITY - WARNING - {"username": "test", "event": "Nieudana pr\u00f3ba logowania", "logger": "routes.auth", "level": "warning", "timestamp": "2026-02-04T23:29:22.695672Z"}
2026-02-05 00:29:22,825 - SECURITY - WARNING - {"username": "test", "event": "Nieprawid\u0142owe has\u0142o dla u\u017cytkownika", "logger": "services.auth_service", "level": "warning", "timestamp": "2026-02-04T23:29:22.825319Z"}
2026-02-05 00:29:22,826 - SECURITY - WARNING - {"username": "test", "event": "Nieudana pr\u00f3ba logowania", "logger": "routes.auth", "level": "warning", "timestamp": "2026-02-04T23:29:22.826019Z"}
2026-02-05 00:29:22,967 - SECURITY - WARNING - {"username": "test", "event": "Nieprawid\u0142owe has\u0142o dla u\u017cytkownika", "logger": "services.auth_service", "level": "warning", "timestamp": "2026-02-04T23:29:22.967739Z"}
2026-02-05 00:29:22,969 - SECURITY - WARNING - {"username": "test", "event": "Nieudana pr\u00f3ba logowania", "logger": "routes.auth", "level": "warning", "timestamp": "2026-02-04T23:29:22.969190Z"}
2026-02-05 00:29:23,232 - SECURITY - WARNING - {"username": "test", "event": "Nieprawid\u0142owe has\u0142o dla u\u017cytkownika", "logger": "services.auth_service", "level": "warning", "timestamp": "2026-02-04T23:29:23.232807Z"}
2026-02-05 00:29:23,234 - SECURITY - WARNING - {"username": "test", "event": "Nieudana pr\u00f3ba logowania", "logger": "routes.auth", "level": "warning", "timestamp": "2026-02-04T23:29:23.234127Z"}
2026-02-05 00:29:23,393 - SECURITY - WARNING - {"username": "test", "event": "Nieprawid\u0142owe has\u0142o dla u\u017cytkownika", "logger": "services.auth_service", "level": "warning", "timestamp": "2026-02-04T23:29:23.393321Z"}
2026-02-05 00:29:23,394 - SECURITY - WARNING - {"username": "test", "event": "Nieudana pr\u00f3ba logowania", "logger": "routes.auth", "level": "warning", "timestamp": "2026-02-04T23:29:23.394119Z"}
2026-02-05 00:29:23,625 - SECURITY - WARNING - {"username": "test", "event": "Nieprawid\u0142owe has\u0142o dla u\u017cytkownika", "logger": "services.auth_service", "level": "warning", "timestamp": "2026-02-04T23:29:23.624897Z"}
2026-02-05 00:29:23,626 - SECURITY - WARNING - {"username": "test", "event": "Nieudana pr\u00f3ba logowania", "logger": "routes.auth", "level": "warning", "timestamp": "2026-02-04T23:29:23.626363Z"}
2026-02-05 00:58:23,487 - SECURITY - WARNING - {"username": "test", "event": "Nieprawid\u0142owe has\u0142o dla u\u017cytkownika", "logger": "services.auth_service", "level": "warning", "timestamp": "2026-02-04T23:58:23.487210Z"}
2026-02-05 00:58:23,489 - SECURITY - WARNING - {"username": "test", "event": "Nieudana pr\u00f3ba logowania", "logger": "routes.auth", "level": "warning", "timestamp": "2026-02-04T23:58:23.488929Z"}
2026-02-05 00:58:23,946 - SECURITY - WARNING - {"username": "test", "event": "Nieprawid\u0142owe has\u0142o dla u\u017cytkownika", "logger": "services.auth_service", "level": "warning", "timestamp": "2026-02-04T23:58:23.946598Z"}
2026-02-05 00:58:23,947 - SECURITY - WARNING - {"username": "test", "event": "Nieudana pr\u00f3ba logowania", "logger": "routes.auth", "level": "warning", "timestamp": "2026-02-04T23:58:23.947680Z"}
2026-02-05 00:58:24,099 - SECURITY - WARNING - {"username": "test", "event": "Nieprawid\u0142owe has\u0142o dla u\u017cytkownika", "logger": "services.auth_service", "level": "warning", "timestamp": "2026-02-04T23:58:24.098906Z"}
2026-02-05 00:58:24,099 - SECURITY - WARNING - {"username": "test", "event": "Nieudana pr\u00f3ba logowania", "logger": "routes.auth", "level": "warning", "timestamp": "2026-02-04T23:58:24.099806Z"}
2026-02-05 00:58:24,249 - SECURITY - WARNING - {"username": "test", "event": "Nieprawid\u0142owe has\u0142o dla u\u017cytkownika", "logger": "services.auth_service", "level": "warning", "timestamp": "2026-02-04T23:58:24.249180Z"}
2026-02-05 00:58:24,250 - SECURITY - WARNING - {"username": "test", "event": "Nieudana pr\u00f3ba logowania", "logger": "routes.auth", "level": "warning", "timestamp": "2026-02-04T23:58:24.250184Z"}
2026-02-05 00:58:24,404 - SECURITY - WARNING - {"username": "test", "event": "Nieprawid\u0142owe has\u0142o dla u\u017cytkownika", "logger": "services.auth_service", "level": "warning", "timestamp": "2026-02-04T23:58:24.404290Z"}
2026-02-05 00:58:24,405 - SECURITY - WARNING - {"username": "test", "event": "Nieudana pr\u00f3ba logowania", "logger": "routes.auth", "level": "warning", "timestamp": "2026-02-04T23:58:24.405095Z"}
2026-02-05 00:58:24,552 - SECURITY - WARNING - {"username": "test", "event": "Nieprawid\u0142owe has\u0142o dla u\u017cytkownika", "logger": "services.auth_service", "level": "warning", "timestamp": "2026-02-04T23:58:24.552642Z"}
2026-02-05 00:58:24,553 - SECURITY - WARNING - {"username": "test", "event": "Nieudana pr\u00f3ba logowania", "logger": "routes.auth", "level": "warning", "timestamp": "2026-02-04T23:58:24.553514Z"}
2026-02-05 00:58:24,727 - SECURITY - WARNING - {"username": "test", "event": "Nieprawid\u0142owe has\u0142o dla u\u017cytkownika", "logger": "services.auth_service", "level": "warning", "timestamp": "2026-02-04T23:58:24.727577Z"}
2026-02-05 00:58:24,728 - SECURITY - WARNING - {"username": "test", "event": "Nieudana pr\u00f3ba logowania", "logger": "routes.auth", "level": "warning", "timestamp": "2026-02-04T23:58:24.728443Z"}
2026-02-05 00:58:24,904 - SECURITY - WARNING - {"username": "test", "event": "Nieprawid\u0142owe has\u0142o dla u\u017cytkownika", "logger": "services.auth_service", "level": "warning", "timestamp": "2026-02-04T23:58:24.904359Z"}
2026-02-05 00:58:24,906 - SECURITY - WARNING - {"username": "test", "event": "Nieudana pr\u00f3ba logowania", "logger": "routes.auth", "level": "warning", "timestamp": "2026-02-04T23:58:24.906125Z"}
2026-02-05 00:58:25,059 - SECURITY - WARNING - {"username": "test", "event": "Nieprawid\u0142owe has\u0142o dla u\u017cytkownika", "logger": "services.auth_service", "level": "warning", "timestamp": "2026-02-04T23:58:25.059653Z"}
2026-02-05 00:58:25,060 - SECURITY - WARNING - {"username": "test", "event": "Nieudana pr\u00f3ba logowania", "logger": "routes.auth", "level": "warning", "timestamp": "2026-02-04T23:58:25.060426Z"}
2026-02-05 00:58:25,204 - SECURITY - WARNING - {"username": "test", "event": "Nieprawid\u0142owe has\u0142o dla u\u017cytkownika", "logger": "services.auth_service", "level": "warning", "timestamp": "2026-02-04T23:58:25.204276Z"}
2026-02-05 00:58:25,205 - SECURITY - WARNING - {"username": "test", "event": "Nieudana pr\u00f3ba logowania", "logger": "routes.auth", "level": "warning", "timestamp": "2026-02-04T23:58:25.205259Z"}
2026-02-05 00:59:28,529 - SECURITY - WARNING - {"username": "test1", "event": "Nieprawid\u0142owe has\u0142o dla u\u017cytkownika", "logger": "services.auth_service", "level": "warning", "timestamp": "2026-02-04T23:59:28.528935Z"}
2026-02-05 00:59:28,531 - SECURITY - WARNING - {"username": "test1", "event": "Nieudana pr\u00f3ba logowania", "logger": "routes.auth", "level": "warning", "timestamp": "2026-02-04T23:59:28.531436Z"}
2026-02-05 00:59:29,994 - SECURITY - WARNING - {"username": "test1", "event": "Nieprawid\u0142owe has\u0142o dla u\u017cytkownika", "logger": "services.auth_service", "level": "warning", "timestamp": "2026-02-04T23:59:29.994818Z"}
2026-02-05 00:59:29,995 - SECURITY - WARNING - {"username": "test1", "event": "Nieudana pr\u00f3ba logowania", "logger": "routes.auth", "level": "warning", "timestamp": "2026-02-04T23:59:29.995759Z"}
2026-02-05 00:59:30,175 - SECURITY - WARNING - {"username": "test1", "event": "Nieprawid\u0142owe has\u0142o dla u\u017cytkownika", "logger": "services.auth_service", "level": "warning", "timestamp": "2026-02-04T23:59:30.175793Z"}
2026-02-05 00:59:30,176 - SECURITY - WARNING - {"username": "test1", "event": "Nieudana pr\u00f3ba logowania", "logger": "routes.auth", "level": "warning", "timestamp": "2026-02-04T23:59:30.176244Z"}
2026-02-05 00:59:30,237 - SECURITY - WARNING - {"username": "test1", "event": "Nieprawid\u0142owe has\u0142o dla u\u017cytkownika", "logger": "services.auth_service", "level": "warning", "timestamp": "2026-02-04T23:59:30.237619Z"}
2026-02-05 00:59:30,238 - SECURITY - WARNING - {"username": "test1", "event": "Nieudana pr\u00f3ba logowania", "logger": "routes.auth", "level": "warning", "timestamp": "2026-02-04T23:59:30.238546Z"}
2026-02-05 00:59:30,308 - SECURITY - WARNING - {"username": "test1", "event": "Nieprawid\u0142owe has\u0142o dla u\u017cytkownika", "logger": "services.auth_service", "level": "warning", "timestamp": "2026-02-04T23:59:30.307948Z"}
2026-02-05 00:59:30,308 - SECURITY - WARNING - {"username": "test1", "event": "Nieudana pr\u00f3ba logowania", "logger": "routes.auth", "level": "warning", "timestamp": "2026-02-04T23:59:30.308800Z"}
2026-02-05 00:59:30,470 - SECURITY - WARNING - {"username": "test1", "event": "Nieprawid\u0142owe has\u0142o dla u\u017cytkownika", "logger": "services.auth_service", "level": "warning", "timestamp": "2026-02-04T23:59:30.470760Z"}
2026-02-05 00:59:30,471 - SECURITY - WARNING - {"username": "test1", "event": "Nieudana pr\u00f3ba logowania", "logger": "routes.auth", "level": "warning", "timestamp": "2026-02-04T23:59:30.471545Z"}
2026-02-05 00:59:30,601 - SECURITY - WARNING - {"username": "test1", "event": "Nieprawid\u0142owe has\u0142o dla u\u017cytkownika", "logger": "services.auth_service", "level": "warning", "timestamp": "2026-02-04T23:59:30.601048Z"}
2026-02-05 00:59:30,601 - SECURITY - WARNING - {"username": "test1", "event": "Nieudana pr\u00f3ba logowania", "logger": "routes.auth", "level": "warning", "timestamp": "2026-02-04T23:59:30.601889Z"}
2026-02-05 00:59:30,739 - SECURITY - WARNING - {"username": "test1", "event": "Nieprawid\u0142owe has\u0142o dla u\u017cytkownika", "logger": "services.auth_service", "level": "warning", "timestamp": "2026-02-04T23:59:30.739520Z"}
2026-02-05 00:59:30,740 - SECURITY - WARNING - {"username": "test1", "event": "Nieudana pr\u00f3ba logowania", "logger": "routes.auth", "level": "warning", "timestamp": "2026-02-04T23:59:30.740708Z"}
2026-02-05 00:59:31,054 - SECURITY - WARNING - {"username": "test1", "event": "Nieprawid\u0142owe has\u0142o dla u\u017cytkownika", "logger": "services.auth_service", "level": "warning", "timestamp": "2026-02-04T23:59:31.054844Z"}
2026-02-05 00:59:31,055 - SECURITY - WARNING - {"username": "test1", "event": "Nieudana pr\u00f3ba logowania", "logger": "routes.auth", "level": "warning", "timestamp": "2026-02-04T23:59:31.055637Z"}
2026-02-05 00:59:31,233 - SECURITY - WARNING - {"username": "test1", "event": "Nieprawid\u0142owe has\u0142o dla u\u017cytkownika", "logger": "services.auth_service", "level": "warning", "timestamp": "2026-02-04T23:59:31.233681Z"}
2026-02-05 00:59:31,235 - SECURITY - WARNING - {"username": "test1", "event": "Nieudana pr\u00f3ba logowania", "logger": "routes.auth", "level": "warning", "timestamp": "2026-02-04T23:59:31.235324Z"}
2026-02-05 01:01:06,130 - SECURITY - WARNING - {"username": "test", "event": "Nieprawid\u0142owe has\u0142o dla u\u017cytkownika", "logger": "services.auth_service", "level": "warning", "timestamp": "2026-02-05T00:01:06.130043Z"}
2026-02-05 01:01:06,132 - SECURITY - WARNING - {"username": "test", "event": "Nieudana pr\u00f3ba logowania", "logger": "routes.auth", "level": "warning", "timestamp": "2026-02-05T00:01:06.132395Z"}
2026-02-05 01:01:06,913 - SECURITY - WARNING - {"username": "test", "event": "Nieprawid\u0142owe has\u0142o dla u\u017cytkownika", "logger": "services.auth_service", "level": "warning", "timestamp": "2026-02-05T00:01:06.913332Z"}
2026-02-05 01:01:06,914 - SECURITY - WARNING - {"username": "test", "event": "Nieudana pr\u00f3ba logowania", "logger": "routes.auth", "level": "warning", "timestamp": "2026-02-05T00:01:06.914250Z"}
2026-02-05 01:01:07,076 - SECURITY - WARNING - {"username": "test", "event": "Nieprawid\u0142owe has\u0142o dla u\u017cytkownika", "logger": "services.auth_service", "level": "warning", "timestamp": "2026-02-05T00:01:07.075977Z"}
2026-02-05 01:01:07,076 - SECURITY - WARNING - {"username": "test", "event": "Nieudana pr\u00f3ba logowania", "logger": "routes.auth", "level": "warning", "timestamp": "2026-02-05T00:01:07.076759Z"}
2026-02-05 01:01:07,156 - SECURITY - WARNING - {"username": "test", "event": "Nieprawid\u0142owe has\u0142o dla u\u017cytkownika", "logger": "services.auth_service", "level": "warning", "timestamp": "2026-02-05T00:01:07.156150Z"}
2026-02-05 01:01:07,158 - SECURITY - WARNING - {"username": "test", "event": "Nieudana pr\u00f3ba logowania", "logger": "routes.auth", "level": "warning", "timestamp": "2026-02-05T00:01:07.158233Z"}
2026-02-05 01:01:07,271 - SECURITY - WARNING - {"username": "test", "event": "Nieprawid\u0142owe has\u0142o dla u\u017cytkownika", "logger": "services.auth_service", "level": "warning", "timestamp": "2026-02-05T00:01:07.271078Z"}
2026-02-05 01:01:07,272 - SECURITY - WARNING - {"username": "test", "event": "Nieudana pr\u00f3ba logowania", "logger": "routes.auth", "level": "warning", "timestamp": "2026-02-05T00:01:07.272703Z"}
2026-02-05 01:01:07,451 - SECURITY - WARNING - {"username": "test", "event": "Nieprawid\u0142owe has\u0142o dla u\u017cytkownika", "logger": "services.auth_service", "level": "warning", "timestamp": "2026-02-05T00:01:07.450905Z"}
2026-02-05 01:01:07,451 - SECURITY - WARNING - {"username": "test", "event": "Nieudana pr\u00f3ba logowania", "logger": "routes.auth", "level": "warning", "timestamp": "2026-02-05T00:01:07.451735Z"}
2026-02-05 01:01:07,588 - SECURITY - WARNING - {"username": "test", "event": "Nieprawid\u0142owe has\u0142o dla u\u017cytkownika", "logger": "services.auth_service", "level": "warning", "timestamp": "2026-02-05T00:01:07.588483Z"}
2026-02-05 01:01:07,589 - SECURITY - WARNING - {"username": "test", "event": "Nieudana pr\u00f3ba logowania", "logger": "routes.auth", "level": "warning", "timestamp": "2026-02-05T00:01:07.589287Z"}
2026-02-05 01:01:07,883 - SECURITY - WARNING - {"username": "test", "event": "Nieprawid\u0142owe has\u0142o dla u\u017cytkownika", "logger": "services.auth_service", "level": "warning", "timestamp": "2026-02-05T00:01:07.883777Z"}
2026-02-05 01:01:07,884 - SECURITY - WARNING - {"username": "test", "event": "Nieudana pr\u00f3ba logowania", "logger": "routes.auth", "level": "warning", "timestamp": "2026-02-05T00:01:07.884765Z"}
2026-02-05 01:01:08,421 - SECURITY - WARNING - {"username": "test", "event": "Nieprawid\u0142owe has\u0142o dla u\u017cytkownika", "logger": "services.auth_service", "level": "warning", "timestamp": "2026-02-05T00:01:08.421843Z"}
2026-02-05 01:01:08,422 - SECURITY - WARNING - {"username": "test", "event": "Nieudana pr\u00f3ba logowania", "logger": "routes.auth", "level": "warning", "timestamp": "2026-02-05T00:01:08.422483Z"}
2026-02-05 01:01:08,589 - SECURITY - WARNING - {"username": "test", "event": "Nieprawid\u0142owe has\u0142o dla u\u017cytkownika", "logger": "services.auth_service", "level": "warning", "timestamp": "2026-02-05T00:01:08.589452Z"}
2026-02-05 01:01:08,590 - SECURITY - WARNING - {"username": "test", "event": "Nieudana pr\u00f3ba logowania", "logger": "routes.auth", "level": "warning", "timestamp": "2026-02-05T00:01:08.590282Z"}
2026-02-05 01:06:27,774 - SECURITY - WARNING - {"username": "test", "event": "Nieprawid\u0142owe has\u0142o dla u\u017cytkownika", "logger": "services.auth_service", "level": "warning", "timestamp": "2026-02-05T00:06:27.774011Z"}
2026-02-05 01:06:27,776 - SECURITY - WARNING - {"username": "test", "event": "Nieudana pr\u00f3ba logowania", "logger": "routes.auth", "level": "warning", "timestamp": "2026-02-05T00:06:27.776191Z"}
2026-02-05 01:06:28,939 - SECURITY - WARNING - {"username": "test", "event": "Nieprawid\u0142owe has\u0142o dla u\u017cytkownika", "logger": "services.auth_service", "level": "warning", "timestamp": "2026-02-05T00:06:28.938889Z"}
2026-02-05 01:06:28,940 - SECURITY - WARNING - {"username": "test", "event": "Nieudana pr\u00f3ba logowania", "logger": "routes.auth", "level": "warning", "timestamp": "2026-02-05T00:06:28.940060Z"}
2026-02-05 01:06:29,128 - SECURITY - WARNING - {"username": "test", "event": "Nieprawid\u0142owe has\u0142o dla u\u017cytkownika", "logger": "services.auth_service", "level": "warning", "timestamp": "2026-02-05T00:06:29.128221Z"}
2026-02-05 01:06:29,129 - SECURITY - WARNING - {"username": "test", "event": "Nieudana pr\u00f3ba logowania", "logger": "routes.auth", "level": "warning", "timestamp": "2026-02-05T00:06:29.129606Z"}
2026-02-05 01:06:29,200 - SECURITY - WARNING - {"username": "test", "event": "Nieprawid\u0142owe has\u0142o dla u\u017cytkownika", "logger": "services.auth_service", "level": "warning", "timestamp": "2026-02-05T00:06:29.200794Z"}
2026-02-05 01:06:29,201 - SECURITY - WARNING - {"username": "test", "event": "Nieudana pr\u00f3ba logowania", "logger": "routes.auth", "level": "warning", "timestamp": "2026-02-05T00:06:29.201504Z"}
2026-02-05 01:06:29,292 - SECURITY - WARNING - {"username": "test", "event": "Nieprawid\u0142owe has\u0142o dla u\u017cytkownika", "logger": "services.auth_service", "level": "warning", "timestamp": "2026-02-05T00:06:29.292170Z"}
2026-02-05 01:06:29,294 - SECURITY - WARNING - {"username": "test", "event": "Nieudana pr\u00f3ba logowania", "logger": "routes.auth", "level": "warning", "timestamp": "2026-02-05T00:06:29.294045Z"}
2026-02-05 01:06:29,416 - SECURITY - WARNING - {"username": "test", "event": "Nieprawid\u0142owe has\u0142o dla u\u017cytkownika", "logger": "services.auth_service", "level": "warning", "timestamp": "2026-02-05T00:06:29.416862Z"}
2026-02-05 01:06:29,417 - SECURITY - WARNING - {"username": "test", "event": "Nieudana pr\u00f3ba logowania", "logger": "routes.auth", "level": "warning", "timestamp": "2026-02-05T00:06:29.417638Z"}
2026-02-05 01:06:29,921 - SECURITY - WARNING - {"username": "test", "event": "Nieprawid\u0142owe has\u0142o dla u\u017cytkownika", "logger": "services.auth_service", "level": "warning", "timestamp": "2026-02-05T00:06:29.921174Z"}
2026-02-05 01:06:29,922 - SECURITY - WARNING - {"username": "test", "event": "Nieudana pr\u00f3ba logowania", "logger": "routes.auth", "level": "warning", "timestamp": "2026-02-05T00:06:29.922081Z"}
2026-02-05 01:06:30,085 - SECURITY - WARNING - {"username": "test", "event": "Nieprawid\u0142owe has\u0142o dla u\u017cytkownika", "logger": "services.auth_service", "level": "warning", "timestamp": "2026-02-05T00:06:30.085334Z"}
2026-02-05 01:06:30,086 - SECURITY - WARNING - {"username": "test", "event": "Nieudana pr\u00f3ba logowania", "logger": "routes.auth", "level": "warning", "timestamp": "2026-02-05T00:06:30.086353Z"}
2026-02-05 01:06:30,240 - SECURITY - WARNING - {"username": "test", "event": "Nieprawid\u0142owe has\u0142o dla u\u017cytkownika", "logger": "services.auth_service", "level": "warning", "timestamp": "2026-02-05T00:06:30.240281Z"}
2026-02-05 01:06:30,241 - SECURITY - WARNING - {"username": "test", "event": "Nieudana pr\u00f3ba logowania", "logger": "routes.auth", "level": "warning", "timestamp": "2026-02-05T00:06:30.240973Z"}
2026-02-05 01:06:30,396 - SECURITY - WARNING - {"username": "test", "event": "Nieprawid\u0142owe has\u0142o dla u\u017cytkownika", "logger": "services.auth_service", "level": "warning", "timestamp": "2026-02-05T00:06:30.395915Z"}
2026-02-05 01:06:30,397 - SECURITY - WARNING - {"username": "test", "event": "Nieudana pr\u00f3ba logowania", "logger": "routes.auth", "level": "warning", "timestamp": "2026-02-05T00:06:30.397102Z"}
2026-02-05 13:11:18,753 - SECURITY - WARNING - {"username": "test", "event": "Nieprawid\u0142owe has\u0142o dla u\u017cytkownika", "logger": "services.auth_service", "level": "warning", "timestamp": "2026-02-05T12:11:18.753665Z"}
2026-02-05 13:11:18,759 - SECURITY - WARNING - {"username": "test", "event": "Nieudana pr\u00f3ba logowania", "logger": "routes.auth", "level": "warning", "timestamp": "2026-02-05T12:11:18.759220Z"}
2026-02-05 13:11:25,605 - SECURITY - WARNING - {"username": "test", "event": "Nieprawid\u0142owe has\u0142o dla u\u017cytkownika", "logger": "services.auth_service", "level": "warning", "timestamp": "2026-02-05T12:11:25.605166Z"}
2026-02-05 13:11:25,606 - SECURITY - WARNING - {"username": "test", "event": "Nieudana pr\u00f3ba logowania", "logger": "routes.auth", "level": "warning", "timestamp": "2026-02-05T12:11:25.605983Z"}
2026-02-05 13:11:26,079 - SECURITY - WARNING - {"username": "test", "event": "Nieprawid\u0142owe has\u0142o dla u\u017cytkownika", "logger": "services.auth_service", "level": "warning", "timestamp": "2026-02-05T12:11:26.079726Z"}
2026-02-05 13:11:26,080 - SECURITY - WARNING - {"username": "test", "event": "Nieudana pr\u00f3ba logowania", "logger": "routes.auth", "level": "warning", "timestamp": "2026-02-05T12:11:26.080905Z"}
2026-02-05 13:11:26,233 - SECURITY - WARNING - {"username": "test", "event": "Nieprawid\u0142owe has\u0142o dla u\u017cytkownika", "logger": "services.auth_service", "level": "warning", "timestamp": "2026-02-05T12:11:26.233382Z"}
2026-02-05 13:11:26,234 - SECURITY - WARNING - {"username": "test", "event": "Nieudana pr\u00f3ba logowania", "logger": "routes.auth", "level": "warning", "timestamp": "2026-02-05T12:11:26.234125Z"}
2026-02-05 13:11:26,336 - SECURITY - WARNING - {"username": "test", "event": "Nieprawid\u0142owe has\u0142o dla u\u017cytkownika", "logger": "services.auth_service", "level": "warning", "timestamp": "2026-02-05T12:11:26.336581Z"}
2026-02-05 13:11:26,337 - SECURITY - WARNING - {"username": "test", "event": "Nieudana pr\u00f3ba logowania", "logger": "routes.auth", "level": "warning", "timestamp": "2026-02-05T12:11:26.337258Z"}
2026-02-05 13:11:26,466 - SECURITY - WARNING - {"username": "test", "event": "Nieprawid\u0142owe has\u0142o dla u\u017cytkownika", "logger": "services.auth_service", "level": "warning", "timestamp": "2026-02-05T12:11:26.466395Z"}
2026-02-05 13:11:26,467 - SECURITY - WARNING - {"username": "test", "event": "Nieudana pr\u00f3ba logowania", "logger": "routes.auth", "level": "warning", "timestamp": "2026-02-05T12:11:26.467845Z"}
2026-02-05 13:11:26,611 - SECURITY - WARNING - {"username": "test", "event": "Nieprawid\u0142owe has\u0142o dla u\u017cytkownika", "logger": "services.auth_service", "level": "warning", "timestamp": "2026-02-05T12:11:26.611658Z"}
2026-02-05 13:11:26,612 - SECURITY - WARNING - {"username": "test", "event": "Nieudana pr\u00f3ba logowania", "logger": "routes.auth", "level": "warning", "timestamp": "2026-02-05T12:11:26.612646Z"}
2026-02-05 13:11:26,764 - SECURITY - WARNING - {"username": "test", "event": "Nieprawid\u0142owe has\u0142o dla u\u017cytkownika", "logger": "services.auth_service", "level": "warning", "timestamp": "2026-02-05T12:11:26.764043Z"}
2026-02-05 13:11:26,764 - SECURITY - WARNING - {"username": "test", "event": "Nieudana pr\u00f3ba logowania", "logger": "routes.auth", "level": "warning", "timestamp": "2026-02-05T12:11:26.764878Z"}
2026-02-05 13:11:26,918 - SECURITY - WARNING - {"username": "test", "event": "Nieprawid\u0142owe has\u0142o dla u\u017cytkownika", "logger": "services.auth_service", "level": "warning", "timestamp": "2026-02-05T12:11:26.918615Z"}
2026-02-05 13:11:26,919 - SECURITY - WARNING - {"username": "test", "event": "Nieudana pr\u00f3ba logowania", "logger": "routes.auth", "level": "warning", "timestamp": "2026-02-05T12:11:26.919557Z"}
2026-02-05 14:30:57,726 - SECURITY - WARNING - {"username": "test1", "event": "Nieprawid\u0142owe has\u0142o dla u\u017cytkownika", "logger": "services.auth_service", "level": "warning", "timestamp": "2026-02-05T13:30:57.726144Z"}
2026-02-05 14:30:57,728 - SECURITY - WARNING - {"username": "test1", "event": "Nieudana pr\u00f3ba logowania", "logger": "routes.auth", "level": "warning", "timestamp": "2026-02-05T13:30:57.728297Z"}
2026-02-05 14:31:00,910 - SECURITY - WARNING - {"username": "test1", "event": "Nieprawid\u0142owe has\u0142o dla u\u017cytkownika", "logger": "services.auth_service", "level": "warning", "timestamp": "2026-02-05T13:31:00.910122Z"}
2026-02-05 14:31:00,910 - SECURITY - WARNING - {"username": "test1", "event": "Nieudana pr\u00f3ba logowania", "logger": "routes.auth", "level": "warning", "timestamp": "2026-02-05T13:31:00.910873Z"}
2026-02-05 14:31:01,096 - SECURITY - WARNING - {"username": "test1", "event": "Nieprawid\u0142owe has\u0142o dla u\u017cytkownika", "logger": "services.auth_service", "level": "warning", "timestamp": "2026-02-05T13:31:01.096636Z"}
2026-02-05 14:31:01,097 - SECURITY - WARNING - {"username": "test1", "event": "Nieudana pr\u00f3ba logowania", "logger": "routes.auth", "level": "warning", "timestamp": "2026-02-05T13:31:01.097246Z"}
2026-02-05 14:31:01,167 - SECURITY - WARNING - {"username": "test1", "event": "Nieprawid\u0142owe has\u0142o dla u\u017cytkownika", "logger": "services.auth_service", "level": "warning", "timestamp": "2026-02-05T13:31:01.167858Z"}
2026-02-05 14:31:01,168 - SECURITY - WARNING - {"username": "test1", "event": "Nieudana pr\u00f3ba logowania", "logger": "routes.auth", "level": "warning", "timestamp": "2026-02-05T13:31:01.168534Z"}
2026-02-05 14:31:01,349 - SECURITY - WARNING - {"username": "test1", "event": "Nieprawid\u0142owe has\u0142o dla u\u017cytkownika", "logger": "services.auth_service", "level": "warning", "timestamp": "2026-02-05T13:31:01.349128Z"}
2026-02-05 14:31:01,350 - SECURITY - WARNING - {"username": "test1", "event": "Nieudana pr\u00f3ba logowania", "logger": "routes.auth", "level": "warning", "timestamp": "2026-02-05T13:31:01.350769Z"}
2026-02-05 14:31:01,495 - SECURITY - WARNING - {"username": "test1", "event": "Nieprawid\u0142owe has\u0142o dla u\u017cytkownika", "logger": "services.auth_service", "level": "warning", "timestamp": "2026-02-05T13:31:01.495527Z"}
2026-02-05 14:31:01,496 - SECURITY - WARNING - {"username": "test1", "event": "Nieudana pr\u00f3ba logowania", "logger": "routes.auth", "level": "warning", "timestamp": "2026-02-05T13:31:01.496378Z"}
2026-02-05 14:31:01,655 - SECURITY - WARNING - {"username": "test1", "event": "Nieprawid\u0142owe has\u0142o dla u\u017cytkownika", "logger": "services.auth_service", "level": "warning", "timestamp": "2026-02-05T13:31:01.655077Z"}
2026-02-05 14:31:01,656 - SECURITY - WARNING - {"username": "test1", "event": "Nieudana pr\u00f3ba logowania", "logger": "routes.auth", "level": "warning", "timestamp": "2026-02-05T13:31:01.655920Z"}
2026-02-05 14:31:01,818 - SECURITY - WARNING - {"username": "test1", "event": "Nieprawid\u0142owe has\u0142o dla u\u017cytkownika", "logger": "services.auth_service", "level": "warning", "timestamp": "2026-02-05T13:31:01.818276Z"}
2026-02-05 14:31:01,820 - SECURITY - WARNING - {"username": "test1", "event": "Nieudana pr\u00f3ba logowania", "logger": "routes.auth", "level": "warning", "timestamp": "2026-02-05T13:31:01.820072Z"}
2026-02-05 14:31:01,980 - SECURITY - WARNING - {"username": "test1", "event": "Nieprawid\u0142owe has\u0142o dla u\u017cytkownika", "logger": "services.auth_service", "level": "warning", "timestamp": "2026-02-05T13:31:01.980409Z"}
2026-02-05 14:31:01,982 - SECURITY - WARNING - {"username": "test1", "event": "Nieudana pr\u00f3ba logowania", "logger": "routes.auth", "level": "warning", "timestamp": "2026-02-05T13:31:01.982136Z"}
2026-02-05 15:54:53,708 - SECURITY - WARNING - {"username": "admin", "event": "Nieprawid\u0142owe has\u0142o dla u\u017cytkownika", "logger": "services.auth_service", "level": "warning", "timestamp": "2026-02-05T14:54:53.708036Z"}
2026-02-05 15:54:53,709 - SECURITY - WARNING - {"username": "admin", "event": "Nieudana pr\u00f3ba logowania", "logger": "routes.auth", "level": "warning", "timestamp": "2026-02-05T14:54:53.709787Z"}
2026-02-05 17:47:51,458 - SECURITY - WARNING - {"username": "admin", "event": "Nieprawid\u0142owe has\u0142o dla u\u017cytkownika", "logger": "services.auth_service", "level": "warning", "timestamp": "2026-02-05T16:47:51.458196Z"}
2026-02-05 17:47:51,459 - SECURITY - WARNING - {"username": "admin", "event": "Nieudana pr\u00f3ba logowania", "logger": "routes.auth", "level": "warning", "timestamp": "2026-02-05T16:47:51.459912Z"}
2026-02-05 17:48:02,116 - SECURITY - WARNING - {"username": "admin", "event": "Nieprawid\u0142owe has\u0142o dla u\u017cytkownika", "logger": "services.auth_service", "level": "warning", "timestamp": "2026-02-05T16:48:02.116048Z"}
2026-02-05 17:48:02,117 - SECURITY - WARNING - {"username": "admin", "event": "Nieudana pr\u00f3ba logowania", "logger": "routes.auth", "level": "warning", "timestamp": "2026-02-05T16:48:02.117541Z"}
2026-02-05 17:48:02,627 - SECURITY - WARNING - {"username": "admin", "event": "Nieprawid\u0142owe has\u0142o dla u\u017cytkownika", "logger": "services.auth_service", "level": "warning", "timestamp": "2026-02-05T16:48:02.626927Z"}
2026-02-05 17:48:02,627 - SECURITY - WARNING - {"username": "admin", "event": "Nieudana pr\u00f3ba logowania", "logger": "routes.auth", "level": "warning", "timestamp": "2026-02-05T16:48:02.627803Z"}
2026-02-05 17:48:02,760 - SECURITY - WARNING - {"username": "admin", "event": "Nieprawid\u0142owe has\u0142o dla u\u017cytkownika", "logger": "services.auth_service", "level": "warning", "timestamp": "2026-02-05T16:48:02.760150Z"}
2026-02-05 17:48:02,761 - SECURITY - WARNING - {"username": "admin", "event": "Nieudana pr\u00f3ba logowania", "logger": "routes.auth", "level": "warning", "timestamp": "2026-02-05T16:48:02.761063Z"}
2026-02-05 17:48:02,891 - SECURITY - WARNING - {"username": "admin", "event": "Nieprawid\u0142owe has\u0142o dla u\u017cytkownika", "logger": "services.auth_service", "level": "warning", "timestamp": "2026-02-05T16:48:02.890915Z"}
2026-02-05 17:48:02,891 - SECURITY - WARNING - {"username": "admin", "event": "Nieudana pr\u00f3ba logowania", "logger": "routes.auth", "level": "warning", "timestamp": "2026-02-05T16:48:02.891336Z"}
2026-02-05 17:48:03,002 - SECURITY - WARNING - {"username": "admin", "event": "Nieprawid\u0142owe has\u0142o dla u\u017cytkownika", "logger": "services.auth_service", "level": "warning", "timestamp": "2026-02-05T16:48:03.001904Z"}
2026-02-05 17:48:03,002 - SECURITY - WARNING - {"username": "admin", "event": "Nieudana pr\u00f3ba logowania", "logger": "routes.auth", "level": "warning", "timestamp": "2026-02-05T16:48:03.002636Z"}
2026-02-05 17:48:03,149 - SECURITY - WARNING - {"username": "admin", "event": "Nieprawid\u0142owe has\u0142o dla u\u017cytkownika", "logger": "services.auth_service", "level": "warning", "timestamp": "2026-02-05T16:48:03.149118Z"}
2026-02-05 17:48:03,150 - SECURITY - WARNING - {"username": "admin", "event": "Nieudana pr\u00f3ba logowania", "logger": "routes.auth", "level": "warning", "timestamp": "2026-02-05T16:48:03.150404Z"}
2026-02-05 17:48:03,276 - SECURITY - WARNING - {"username": "admin", "event": "Nieprawid\u0142owe has\u0142o dla u\u017cytkownika", "logger": "services.auth_service", "level": "warning", "timestamp": "2026-02-05T16:48:03.275857Z"}
2026-02-05 17:48:03,276 - SECURITY - WARNING - {"username": "admin", "event": "Nieudana pr\u00f3ba logowania", "logger": "routes.auth", "level": "warning", "timestamp": "2026-02-05T16:48:03.276602Z"}
2026-02-05 17:48:03,401 - SECURITY - WARNING - {"username": "admin", "event": "Nieprawid\u0142owe has\u0142o dla u\u017cytkownika", "logger": "services.auth_service", "level": "warning", "timestamp": "2026-02-05T16:48:03.401614Z"}
2026-02-05 17:48:03,402 - SECURITY - WARNING - {"username": "admin", "event": "Nieudana pr\u00f3ba logowania", "logger": "routes.auth", "level": "warning", "timestamp": "2026-02-05T16:48:03.402340Z"}
2026-02-05 17:48:03,588 - SECURITY - WARNING - {"username": "admin", "event": "Nieprawid\u0142owe has\u0142o dla u\u017cytkownika", "logger": "services.auth_service", "level": "warning", "timestamp": "2026-02-05T16:48:03.588316Z"}
2026-02-05 17:48:03,589 - SECURITY - WARNING - {"username": "admin", "event": "Nieudana pr\u00f3ba logowania", "logger": "routes.auth", "level": "warning", "timestamp": "2026-02-05T16:48:03.589309Z"}
2026-02-05 23:33:13,918 - SECURITY - ERROR - {"error": "'NoneType' object has no attribute 'decode'", "event": "B\u0142\u0105d rejestracji", "logger": "routes.auth", "level": "error", "timestamp": "2026-02-05T22:33:13.918621Z"}
2026-02-05 23:33:13,918 - SECURITY - ERROR - {"error": "'NoneType' object has no attribute 'decode'", "event": "B\u0142\u0105d rejestracji", "logger": "routes.auth", "level": "error", "timestamp": "2026-02-05T22:33:13.918621Z"}
2026-02-05 23:33:14,008 - SECURITY - WARNING - {"username": "testuser", "event": "Pr\u00f3ba logowania nieistniej\u0105cego u\u017cytkownika", "logger": "services.auth_service", "level": "warning", "timestamp": "2026-02-05T22:33:14.008818Z"}
2026-02-05 23:33:14,008 - SECURITY - WARNING - {"username": "testuser", "event": "Pr\u00f3ba logowania nieistniej\u0105cego u\u017cytkownika", "logger": "services.auth_service", "level": "warning", "timestamp": "2026-02-05T22:33:14.008818Z"}
2026-02-05 23:33:14,008 - SECURITY - WARNING - {"username": "testuser", "event": "Pr\u00f3ba logowania nieistniej\u0105cego u\u017cytkownika", "logger": "services.auth_service", "level": "warning", "timestamp": "2026-02-05T22:33:14.008818Z"}
2026-02-05 23:33:14,008 - SECURITY - WARNING - {"username": "testuser", "event": "Pr\u00f3ba logowania nieistniej\u0105cego u\u017cytkownika", "logger": "services.auth_service", "level": "warning", "timestamp": "2026-02-05T22:33:14.008818Z"}
2026-02-05 23:33:14,009 - SECURITY - WARNING - {"username": "testuser", "event": "Nieudana pr\u00f3ba logowania", "logger": "routes.auth", "level": "warning", "timestamp": "2026-02-05T22:33:14.009097Z"}
2026-02-05 23:33:14,009 - SECURITY - WARNING - {"username": "testuser", "event": "Nieudana pr\u00f3ba logowania", "logger": "routes.auth", "level": "warning", "timestamp": "2026-02-05T22:33:14.009097Z"}
2026-02-05 23:33:14,009 - SECURITY - WARNING - {"username": "testuser", "event": "Nieudana pr\u00f3ba logowania", "logger": "routes.auth", "level": "warning", "timestamp": "2026-02-05T22:33:14.009097Z"}
2026-02-05 23:33:14,009 - SECURITY - WARNING - {"username": "testuser", "event": "Nieudana pr\u00f3ba logowania", "logger": "routes.auth", "level": "warning", "timestamp": "2026-02-05T22:33:14.009097Z"}
2026-02-05 23:33:14,046 - SECURITY - WARNING - {"username": "testuser", "event": "Pr\u00f3ba logowania nieistniej\u0105cego u\u017cytkownika", "logger": "services.auth_service", "level": "warning", "timestamp": "2026-02-05T22:33:14.045979Z"}
2026-02-05 23:33:14,046 - SECURITY - WARNING - {"username": "testuser", "event": "Pr\u00f3ba logowania nieistniej\u0105cego u\u017cytkownika", "logger": "services.auth_service", "level": "warning", "timestamp": "2026-02-05T22:33:14.045979Z"}
2026-02-05 23:33:14,046 - SECURITY - WARNING - {"username": "testuser", "event": "Pr\u00f3ba logowania nieistniej\u0105cego u\u017cytkownika", "logger": "services.auth_service", "level": "warning", "timestamp": "2026-02-05T22:33:14.045979Z"}
2026-02-05 23:33:14,046 - SECURITY - WARNING - {"username": "testuser", "event": "Pr\u00f3ba logowania nieistniej\u0105cego u\u017cytkownika", "logger": "services.auth_service", "level": "warning", "timestamp": "2026-02-05T22:33:14.045979Z"}
2026-02-05 23:33:14,046 - SECURITY - WARNING - {"username": "testuser", "event": "Pr\u00f3ba logowania nieistniej\u0105cego u\u017cytkownika", "logger": "services.auth_service", "level": "warning", "timestamp": "2026-02-05T22:33:14.045979Z"}
2026-02-05 23:33:14,046 - SECURITY - WARNING - {"username": "testuser", "event": "Nieudana pr\u00f3ba logowania", "logger": "routes.auth", "level": "warning", "timestamp": "2026-02-05T22:33:14.046793Z"}
2026-02-05 23:33:14,046 - SECURITY - WARNING - {"username": "testuser", "event": "Nieudana pr\u00f3ba logowania", "logger": "routes.auth", "level": "warning", "timestamp": "2026-02-05T22:33:14.046793Z"}
2026-02-05 23:33:14,046 - SECURITY - WARNING - {"username": "testuser", "event": "Nieudana pr\u00f3ba logowania", "logger": "routes.auth", "level": "warning", "timestamp": "2026-02-05T22:33:14.046793Z"}
2026-02-05 23:33:14,046 - SECURITY - WARNING - {"username": "testuser", "event": "Nieudana pr\u00f3ba logowania", "logger": "routes.auth", "level": "warning", "timestamp": "2026-02-05T22:33:14.046793Z"}
2026-02-05 23:33:14,046 - SECURITY - WARNING - {"username": "testuser", "event": "Nieudana pr\u00f3ba logowania", "logger": "routes.auth", "level": "warning", "timestamp": "2026-02-05T22:33:14.046793Z"}
2026-02-05 23:33:14,090 - SECURITY - WARNING - {"username": "testuser", "event": "Pr\u00f3ba logowania nieistniej\u0105cego u\u017cytkownika", "logger": "services.auth_service", "level": "warning", "timestamp": "2026-02-05T22:33:14.090269Z"}
2026-02-05 23:33:14,090 - SECURITY - WARNING - {"username": "testuser", "event": "Pr\u00f3ba logowania nieistniej\u0105cego u\u017cytkownika", "logger": "services.auth_service", "level": "warning", "timestamp": "2026-02-05T22:33:14.090269Z"}
2026-02-05 23:33:14,090 - SECURITY - WARNING - {"username": "testuser", "event": "Pr\u00f3ba logowania nieistniej\u0105cego u\u017cytkownika", "logger": "services.auth_service", "level": "warning", "timestamp": "2026-02-05T22:33:14.090269Z"}
2026-02-05 23:33:14,090 - SECURITY - WARNING - {"username": "testuser", "event": "Pr\u00f3ba logowania nieistniej\u0105cego u\u017cytkownika", "logger": "services.auth_service", "level": "warning", "timestamp": "2026-02-05T22:33:14.090269Z"}
2026-02-05 23:33:14,090 - SECURITY - WARNING - {"username": "testuser", "event": "Pr\u00f3ba logowania nieistniej\u0105cego u\u017cytkownika", "logger": "services.auth_service", "level": "warning", "timestamp": "2026-02-05T22:33:14.090269Z"}
2026-02-05 23:33:14,090 - SECURITY - WARNING - {"username": "testuser", "event": "Pr\u00f3ba logowania nieistniej\u0105cego u\u017cytkownika", "logger": "services.auth_service", "level": "warning", "timestamp": "2026-02-05T22:33:14.090269Z"}
2026-02-05 23:33:14,090 - SECURITY - WARNING - {"username": "testuser", "event": "Nieudana pr\u00f3ba logowania", "logger": "routes.auth", "level": "warning", "timestamp": "2026-02-05T22:33:14.090571Z"}
2026-02-05 23:33:14,090 - SECURITY - WARNING - {"username": "testuser", "event": "Nieudana pr\u00f3ba logowania", "logger": "routes.auth", "level": "warning", "timestamp": "2026-02-05T22:33:14.090571Z"}
2026-02-05 23:33:14,090 - SECURITY - WARNING - {"username": "testuser", "event": "Nieudana pr\u00f3ba logowania", "logger": "routes.auth", "level": "warning", "timestamp": "2026-02-05T22:33:14.090571Z"}
2026-02-05 23:33:14,090 - SECURITY - WARNING - {"username": "testuser", "event": "Nieudana pr\u00f3ba logowania", "logger": "routes.auth", "level": "warning", "timestamp": "2026-02-05T22:33:14.090571Z"}
2026-02-05 23:33:14,090 - SECURITY - WARNING - {"username": "testuser", "event": "Nieudana pr\u00f3ba logowania", "logger": "routes.auth", "level": "warning", "timestamp": "2026-02-05T22:33:14.090571Z"}
2026-02-05 23:33:14,090 - SECURITY - WARNING - {"username": "testuser", "event": "Nieudana pr\u00f3ba logowania", "logger": "routes.auth", "level": "warning", "timestamp": "2026-02-05T22:33:14.090571Z"}
2026-02-05 23:33:14,146 - SECURITY - WARNING - {"username": "testuser", "event": "Pr\u00f3ba logowania nieistniej\u0105cego u\u017cytkownika", "logger": "services.auth_service", "level": "warning", "timestamp": "2026-02-05T22:33:14.146585Z"}
2026-02-05 23:33:14,146 - SECURITY - WARNING - {"username": "testuser", "event": "Pr\u00f3ba logowania nieistniej\u0105cego u\u017cytkownika", "logger": "services.auth_service", "level": "warning", "timestamp": "2026-02-05T22:33:14.146585Z"}
2026-02-05 23:33:14,146 - SECURITY - WARNING - {"username": "testuser", "event": "Pr\u00f3ba logowania nieistniej\u0105cego u\u017cytkownika", "logger": "services.auth_service", "level": "warning", "timestamp": "2026-02-05T22:33:14.146585Z"}
2026-02-05 23:33:14,146 - SECURITY - WARNING - {"username": "testuser", "event": "Pr\u00f3ba logowania nieistniej\u0105cego u\u017cytkownika", "logger": "services.auth_service", "level": "warning", "timestamp": "2026-02-05T22:33:14.146585Z"}
2026-02-05 23:33:14,146 - SECURITY - WARNING - {"username": "testuser", "event": "Pr\u00f3ba logowania nieistniej\u0105cego u\u017cytkownika", "logger": "services.auth_service", "level": "warning", "timestamp": "2026-02-05T22:33:14.146585Z"}
2026-02-05 23:33:14,146 - SECURITY - WARNING - {"username": "testuser", "event": "Pr\u00f3ba logowania nieistniej\u0105cego u\u017cytkownika", "logger": "services.auth_service", "level": "warning", "timestamp": "2026-02-05T22:33:14.146585Z"}
2026-02-05 23:33:14,146 - SECURITY - WARNING - {"username": "testuser", "event": "Pr\u00f3ba logowania nieistniej\u0105cego u\u017cytkownika", "logger": "services.auth_service", "level": "warning", "timestamp": "2026-02-05T22:33:14.146585Z"}
2026-02-05 23:33:14,146 - SECURITY - WARNING - {"username": "testuser", "event": "Pr\u00f3ba logowania nieistniej\u0105cego u\u017cytkownika", "logger": "services.auth_service", "level": "warning", "timestamp": "2026-02-05T22:33:14.146585Z"}
2026-02-05 23:33:14,147 - SECURITY - WARNING - {"username": "testuser", "event": "Nieudana pr\u00f3ba logowania", "logger": "routes.auth", "level": "warning", "timestamp": "2026-02-05T22:33:14.147006Z"}
2026-02-05 23:33:14,147 - SECURITY - WARNING - {"username": "testuser", "event": "Nieudana pr\u00f3ba logowania", "logger": "routes.auth", "level": "warning", "timestamp": "2026-02-05T22:33:14.147006Z"}
2026-02-05 23:33:14,147 - SECURITY - WARNING - {"username": "testuser", "event": "Nieudana pr\u00f3ba logowania", "logger": "routes.auth", "level": "warning", "timestamp": "2026-02-05T22:33:14.147006Z"}
2026-02-05 23:33:14,147 - SECURITY - WARNING - {"username": "testuser", "event": "Nieudana pr\u00f3ba logowania", "logger": "routes.auth", "level": "warning", "timestamp": "2026-02-05T22:33:14.147006Z"}
2026-02-05 23:33:14,147 - SECURITY - WARNING - {"username": "testuser", "event": "Nieudana pr\u00f3ba logowania", "logger": "routes.auth", "level": "warning", "timestamp": "2026-02-05T22:33:14.147006Z"}
2026-02-05 23:33:14,147 - SECURITY - WARNING - {"username": "testuser", "event": "Nieudana pr\u00f3ba logowania", "logger": "routes.auth", "level": "warning", "timestamp": "2026-02-05T22:33:14.147006Z"}
2026-02-05 23:33:14,147 - SECURITY - WARNING - {"username": "testuser", "event": "Nieudana pr\u00f3ba logowania", "logger": "routes.auth", "level": "warning", "timestamp": "2026-02-05T22:33:14.147006Z"}
2026-02-05 23:33:14,147 - SECURITY - WARNING - {"username": "testuser", "event": "Nieudana pr\u00f3ba logowania", "logger": "routes.auth", "level": "warning", "timestamp": "2026-02-05T22:33:14.147006Z"}
2026-02-05 23:33:14,192 - SECURITY - WARNING - {"username": "testuser", "event": "Pr\u00f3ba logowania nieistniej\u0105cego u\u017cytkownika", "logger": "services.auth_service", "level": "warning", "timestamp": "2026-02-05T22:33:14.192608Z"}
2026-02-05 23:33:14,192 - SECURITY - WARNING - {"username": "testuser", "event": "Pr\u00f3ba logowania nieistniej\u0105cego u\u017cytkownika", "logger": "services.auth_service", "level": "warning", "timestamp": "2026-02-05T22:33:14.192608Z"}
2026-02-05 23:33:14,192 - SECURITY - WARNING - {"username": "testuser", "event": "Pr\u00f3ba logowania nieistniej\u0105cego u\u017cytkownika", "logger": "services.auth_service", "level": "warning", "timestamp": "2026-02-05T22:33:14.192608Z"}
2026-02-05 23:33:14,192 - SECURITY - WARNING - {"username": "testuser", "event": "Pr\u00f3ba logowania nieistniej\u0105cego u\u017cytkownika", "logger": "services.auth_service", "level": "warning", "timestamp": "2026-02-05T22:33:14.192608Z"}
2026-02-05 23:33:14,192 - SECURITY - WARNING - {"username": "testuser", "event": "Pr\u00f3ba logowania nieistniej\u0105cego u\u017cytkownika", "logger": "services.auth_service", "level": "warning", "timestamp": "2026-02-05T22:33:14.192608Z"}
2026-02-05 23:33:14,192 - SECURITY - WARNING - {"username": "testuser", "event": "Pr\u00f3ba logowania nieistniej\u0105cego u\u017cytkownika", "logger": "services.auth_service", "level": "warning", "timestamp": "2026-02-05T22:33:14.192608Z"}
2026-02-05 23:33:14,192 - SECURITY - WARNING - {"username": "testuser", "event": "Pr\u00f3ba logowania nieistniej\u0105cego u\u017cytkownika", "logger": "services.auth_service", "level": "warning", "timestamp": "2026-02-05T22:33:14.192608Z"}
2026-02-05 23:33:14,192 - SECURITY - WARNING - {"username": "testuser", "event": "Pr\u00f3ba logowania nieistniej\u0105cego u\u017cytkownika", "logger": "services.auth_service", "level": "warning", "timestamp": "2026-02-05T22:33:14.192608Z"}
2026-02-05 23:33:14,192 - SECURITY - WARNING - {"username": "testuser", "event": "Pr\u00f3ba logowania nieistniej\u0105cego u\u017cytkownika", "logger": "services.auth_service", "level": "warning", "timestamp": "2026-02-05T22:33:14.192608Z"}
2026-02-05 23:33:14,193 - SECURITY - WARNING - {"username": "testuser", "event": "Nieudana pr\u00f3ba logowania", "logger": "routes.auth", "level": "warning", "timestamp": "2026-02-05T22:33:14.193146Z"}
2026-02-05 23:33:14,193 - SECURITY - WARNING - {"username": "testuser", "event": "Nieudana pr\u00f3ba logowania", "logger": "routes.auth", "level": "warning", "timestamp": "2026-02-05T22:33:14.193146Z"}
2026-02-05 23:33:14,193 - SECURITY - WARNING - {"username": "testuser", "event": "Nieudana pr\u00f3ba logowania", "logger": "routes.auth", "level": "warning", "timestamp": "2026-02-05T22:33:14.193146Z"}
2026-02-05 23:33:14,193 - SECURITY - WARNING - {"username": "testuser", "event": "Nieudana pr\u00f3ba logowania", "logger": "routes.auth", "level": "warning", "timestamp": "2026-02-05T22:33:14.193146Z"}
2026-02-05 23:33:14,193 - SECURITY - WARNING - {"username": "testuser", "event": "Nieudana pr\u00f3ba logowania", "logger": "routes.auth", "level": "warning", "timestamp": "2026-02-05T22:33:14.193146Z"}
2026-02-05 23:33:14,193 - SECURITY - WARNING - {"username": "testuser", "event": "Nieudana pr\u00f3ba logowania", "logger": "routes.auth", "level": "warning", "timestamp": "2026-02-05T22:33:14.193146Z"}
2026-02-05 23:33:14,193 - SECURITY - WARNING - {"username": "testuser", "event": "Nieudana pr\u00f3ba logowania", "logger": "routes.auth", "level": "warning", "timestamp": "2026-02-05T22:33:14.193146Z"}
2026-02-05 23:33:14,193 - SECURITY - WARNING - {"username": "testuser", "event": "Nieudana pr\u00f3ba logowania", "logger": "routes.auth", "level": "warning", "timestamp": "2026-02-05T22:33:14.193146Z"}
2026-02-05 23:33:14,193 - SECURITY - WARNING - {"username": "testuser", "event": "Nieudana pr\u00f3ba logowania", "logger": "routes.auth", "level": "warning", "timestamp": "2026-02-05T22:33:14.193146Z"}
2026-02-05 23:33:14,230 - SECURITY - WARNING - {"username": "testuser", "event": "Pr\u00f3ba logowania nieistniej\u0105cego u\u017cytkownika", "logger": "services.auth_service", "level": "warning", "timestamp": "2026-02-05T22:33:14.230410Z"}
2026-02-05 23:33:14,230 - SECURITY - WARNING - {"username": "testuser", "event": "Pr\u00f3ba logowania nieistniej\u0105cego u\u017cytkownika", "logger": "services.auth_service", "level": "warning", "timestamp": "2026-02-05T22:33:14.230410Z"}
2026-02-05 23:33:14,230 - SECURITY - WARNING - {"username": "testuser", "event": "Pr\u00f3ba logowania nieistniej\u0105cego u\u017cytkownika", "logger": "services.auth_service", "level": "warning", "timestamp": "2026-02-05T22:33:14.230410Z"}
2026-02-05 23:33:14,230 - SECURITY - WARNING - {"username": "testuser", "event": "Pr\u00f3ba logowania nieistniej\u0105cego u\u017cytkownika", "logger": "services.auth_service", "level": "warning", "timestamp": "2026-02-05T22:33:14.230410Z"}
2026-02-05 23:33:14,230 - SECURITY - WARNING - {"username": "testuser", "event": "Pr\u00f3ba logowania nieistniej\u0105cego u\u017cytkownika", "logger": "services.auth_service", "level": "warning", "timestamp": "2026-02-05T22:33:14.230410Z"}
2026-02-05 23:33:14,230 - SECURITY - WARNING - {"username": "testuser", "event": "Pr\u00f3ba logowania nieistniej\u0105cego u\u017cytkownika", "logger": "services.auth_service", "level": "warning", "timestamp": "2026-02-05T22:33:14.230410Z"}
2026-02-05 23:33:14,230 - SECURITY - WARNING - {"username": "testuser", "event": "Pr\u00f3ba logowania nieistniej\u0105cego u\u017cytkownika", "logger": "services.auth_service", "level": "warning", "timestamp": "2026-02-05T22:33:14.230410Z"}
2026-02-05 23:33:14,230 - SECURITY - WARNING - {"username": "testuser", "event": "Pr\u00f3ba logowania nieistniej\u0105cego u\u017cytkownika", "logger": "services.auth_service", "level": "warning", "timestamp": "2026-02-05T22:33:14.230410Z"}
2026-02-05 23:33:14,230 - SECURITY - WARNING - {"username": "testuser", "event": "Pr\u00f3ba logowania nieistniej\u0105cego u\u017cytkownika", "logger": "services.auth_service", "level": "warning", "timestamp": "2026-02-05T22:33:14.230410Z"}
2026-02-05 23:33:14,230 - SECURITY - WARNING - {"username": "testuser", "event": "Pr\u00f3ba logowania nieistniej\u0105cego u\u017cytkownika", "logger": "services.auth_service", "level": "warning", "timestamp": "2026-02-05T22:33:14.230410Z"}
2026-02-05 23:33:14,230 - SECURITY - WARNING - {"username": "testuser", "event": "Nieudana pr\u00f3ba logowania", "logger": "routes.auth", "level": "warning", "timestamp": "2026-02-05T22:33:14.230918Z"}
2026-02-05 23:33:14,230 - SECURITY - WARNING - {"username": "testuser", "event": "Nieudana pr\u00f3ba logowania", "logger": "routes.auth", "level": "warning", "timestamp": "2026-02-05T22:33:14.230918Z"}
2026-02-05 23:33:14,230 - SECURITY - WARNING - {"username": "testuser", "event": "Nieudana pr\u00f3ba logowania", "logger": "routes.auth", "level": "warning", "timestamp": "2026-02-05T22:33:14.230918Z"}
2026-02-05 23:33:14,230 - SECURITY - WARNING - {"username": "testuser", "event": "Nieudana pr\u00f3ba logowania", "logger": "routes.auth", "level": "warning", "timestamp": "2026-02-05T22:33:14.230918Z"}
2026-02-05 23:33:14,230 - SECURITY - WARNING - {"username": "testuser", "event": "Nieudana pr\u00f3ba logowania", "logger": "routes.auth", "level": "warning", "timestamp": "2026-02-05T22:33:14.230918Z"}
2026-02-05 23:33:14,230 - SECURITY - WARNING - {"username": "testuser", "event": "Nieudana pr\u00f3ba logowania", "logger": "routes.auth", "level": "warning", "timestamp": "2026-02-05T22:33:14.230918Z"}
2026-02-05 23:33:14,230 - SECURITY - WARNING - {"username": "testuser", "event": "Nieudana pr\u00f3ba logowania", "logger": "routes.auth", "level": "warning", "timestamp": "2026-02-05T22:33:14.230918Z"}
2026-02-05 23:33:14,230 - SECURITY - WARNING - {"username": "testuser", "event": "Nieudana pr\u00f3ba logowania", "logger": "routes.auth", "level": "warning", "timestamp": "2026-02-05T22:33:14.230918Z"}
2026-02-05 23:33:14,230 - SECURITY - WARNING - {"username": "testuser", "event": "Nieudana pr\u00f3ba logowania", "logger": "routes.auth", "level": "warning", "timestamp": "2026-02-05T22:33:14.230918Z"}
2026-02-05 23:33:14,230 - SECURITY - WARNING - {"username": "testuser", "event": "Nieudana pr\u00f3ba logowania", "logger": "routes.auth", "level": "warning", "timestamp": "2026-02-05T22:33:14.230918Z"}
2026-02-05 23:33:14,286 - SECURITY - WARNING - {"username": "testuser", "event": "Pr\u00f3ba logowania nieistniej\u0105cego u\u017cytkownika", "logger": "services.auth_service", "level": "warning", "timestamp": "2026-02-05T22:33:14.286452Z"}
2026-02-05 23:33:14,286 - SECURITY - WARNING - {"username": "testuser", "event": "Pr\u00f3ba logowania nieistniej\u0105cego u\u017cytkownika", "logger": "services.auth_service", "level": "warning", "timestamp": "2026-02-05T22:33:14.286452Z"}
2026-02-05 23:33:14,286 - SECURITY - WARNING - {"username": "testuser", "event": "Pr\u00f3ba logowania nieistniej\u0105cego u\u017cytkownika", "logger": "services.auth_service", "level": "warning", "timestamp": "2026-02-05T22:33:14.286452Z"}
2026-02-05 23:33:14,286 - SECURITY - WARNING - {"username": "testuser", "event": "Pr\u00f3ba logowania nieistniej\u0105cego u\u017cytkownika", "logger": "services.auth_service", "level": "warning", "timestamp": "2026-02-05T22:33:14.286452Z"}
2026-02-05 23:33:14,286 - SECURITY - WARNING - {"username": "testuser", "event": "Pr\u00f3ba logowania nieistniej\u0105cego u\u017cytkownika", "logger": "services.auth_service", "level": "warning", "timestamp": "2026-02-05T22:33:14.286452Z"}
2026-02-05 23:33:14,286 - SECURITY - WARNING - {"username": "testuser", "event": "Pr\u00f3ba logowania nieistniej\u0105cego u\u017cytkownika", "logger": "services.auth_service", "level": "warning", "timestamp": "2026-02-05T22:33:14.286452Z"}
2026-02-05 23:33:14,286 - SECURITY - WARNING - {"username": "testuser", "event": "Pr\u00f3ba logowania nieistniej\u0105cego u\u017cytkownika", "logger": "services.auth_service", "level": "warning", "timestamp": "2026-02-05T22:33:14.286452Z"}
2026-02-05 23:33:14,286 - SECURITY - WARNING - {"username": "testuser", "event": "Pr\u00f3ba logowania nieistniej\u0105cego u\u017cytkownika", "logger": "services.auth_service", "level": "warning", "timestamp": "2026-02-05T22:33:14.286452Z"}
2026-02-05 23:33:14,286 - SECURITY - WARNING - {"username": "testuser", "event": "Pr\u00f3ba logowania nieistniej\u0105cego u\u017cytkownika", "logger": "services.auth_service", "level": "warning", "timestamp": "2026-02-05T22:33:14.286452Z"}
2026-02-05 23:33:14,286 - SECURITY - WARNING - {"username": "testuser", "event": "Pr\u00f3ba logowania nieistniej\u0105cego u\u017cytkownika", "logger": "services.auth_service", "level": "warning", "timestamp": "2026-02-05T22:33:14.286452Z"}
2026-02-05 23:33:14,286 - SECURITY - WARNING - {"username": "testuser", "event": "Pr\u00f3ba logowania nieistniej\u0105cego u\u017cytkownika", "logger": "services.auth_service", "level": "warning", "timestamp": "2026-02-05T22:33:14.286452Z"}
2026-02-05 23:33:14,286 - SECURITY - WARNING - {"username": "testuser", "event": "Pr\u00f3ba logowania nieistniej\u0105cego u\u017cytkownika", "logger": "services.auth_service", "level": "warning", "timestamp": "2026-02-05T22:33:14.286452Z"}
2026-02-05 23:33:14,287 - SECURITY - WARNING - {"username": "testuser", "event": "Nieudana pr\u00f3ba logowania", "logger": "routes.auth", "level": "warning", "timestamp": "2026-02-05T22:33:14.287143Z"}
2026-02-05 23:33:14,287 - SECURITY - WARNING - {"username": "testuser", "event": "Nieudana pr\u00f3ba logowania", "logger": "routes.auth", "level": "warning", "timestamp": "2026-02-05T22:33:14.287143Z"}
2026-02-05 23:33:14,287 - SECURITY - WARNING - {"username": "testuser", "event": "Nieudana pr\u00f3ba logowania", "logger": "routes.auth", "level": "warning", "timestamp": "2026-02-05T22:33:14.287143Z"}
2026-02-05 23:33:14,287 - SECURITY - WARNING - {"username": "testuser", "event": "Nieudana pr\u00f3ba logowania", "logger": "routes.auth", "level": "warning", "timestamp": "2026-02-05T22:33:14.287143Z"}
2026-02-05 23:33:14,287 - SECURITY - WARNING - {"username": "testuser", "event": "Nieudana pr\u00f3ba logowania", "logger": "routes.auth", "level": "warning", "timestamp": "2026-02-05T22:33:14.287143Z"}
2026-02-05 23:33:14,287 - SECURITY - WARNING - {"username": "testuser", "event": "Nieudana pr\u00f3ba logowania", "logger": "routes.auth", "level": "warning", "timestamp": "2026-02-05T22:33:14.287143Z"}
2026-02-05 23:33:14,287 - SECURITY - WARNING - {"username": "testuser", "event": "Nieudana pr\u00f3ba logowania", "logger": "routes.auth", "level": "warning", "timestamp": "2026-02-05T22:33:14.287143Z"}
2026-02-05 23:33:14,287 - SECURITY - WARNING - {"username": "testuser", "event": "Nieudana pr\u00f3ba logowania", "logger": "routes.auth", "level": "warning", "timestamp": "2026-02-05T22:33:14.287143Z"}
2026-02-05 23:33:14,287 - SECURITY - WARNING - {"username": "testuser", "event": "Nieudana pr\u00f3ba logowania", "logger": "routes.auth", "level": "warning", "timestamp": "2026-02-05T22:33:14.287143Z"}
2026-02-05 23:33:14,287 - SECURITY - WARNING - {"username": "testuser", "event": "Nieudana pr\u00f3ba logowania", "logger": "routes.auth", "level": "warning", "timestamp": "2026-02-05T22:33:14.287143Z"}
2026-02-05 23:33:14,287 - SECURITY - WARNING - {"username": "testuser", "event": "Nieudana pr\u00f3ba logowania", "logger": "routes.auth", "level": "warning", "timestamp": "2026-02-05T22:33:14.287143Z"}
2026-02-05 23:33:14,287 - SECURITY - WARNING - {"username": "testuser", "event": "Nieudana pr\u00f3ba logowania", "logger": "routes.auth", "level": "warning", "timestamp": "2026-02-05T22:33:14.287143Z"}
2026-02-05 23:33:14,326 - SECURITY - WARNING - {"username": "testuser", "event": "Pr\u00f3ba logowania nieistniej\u0105cego u\u017cytkownika", "logger": "services.auth_service", "level": "warning", "timestamp": "2026-02-05T22:33:14.326286Z"}
2026-02-05 23:33:14,326 - SECURITY - WARNING - {"username": "testuser", "event": "Pr\u00f3ba logowania nieistniej\u0105cego u\u017cytkownika", "logger": "services.auth_service", "level": "warning", "timestamp": "2026-02-05T22:33:14.326286Z"}
2026-02-05 23:33:14,326 - SECURITY - WARNING - {"username": "testuser", "event": "Pr\u00f3ba logowania nieistniej\u0105cego u\u017cytkownika", "logger": "services.auth_service", "level": "warning", "timestamp": "2026-02-05T22:33:14.326286Z"}
2026-02-05 23:33:14,326 - SECURITY - WARNING - {"username": "testuser", "event": "Pr\u00f3ba logowania nieistniej\u0105cego u\u017cytkownika", "logger": "services.auth_service", "level": "warning", "timestamp": "2026-02-05T22:33:14.326286Z"}
2026-02-05 23:33:14,326 - SECURITY - WARNING - {"username": "testuser", "event": "Pr\u00f3ba logowania nieistniej\u0105cego u\u017cytkownika", "logger": "services.auth_service", "level": "warning", "timestamp": "2026-02-05T22:33:14.326286Z"}
2026-02-05 23:33:14,326 - SECURITY - WARNING - {"username": "testuser", "event": "Pr\u00f3ba logowania nieistniej\u0105cego u\u017cytkownika", "logger": "services.auth_service", "level": "warning", "timestamp": "2026-02-05T22:33:14.326286Z"}
2026-02-05 23:33:14,326 - SECURITY - WARNING - {"username": "testuser", "event": "Pr\u00f3ba logowania nieistniej\u0105cego u\u017cytkownika", "logger": "services.auth_service", "level": "warning", "timestamp": "2026-02-05T22:33:14.326286Z"}
2026-02-05 23:33:14,326 - SECURITY - WARNING - {"username": "testuser", "event": "Pr\u00f3ba logowania nieistniej\u0105cego u\u017cytkownika", "logger": "services.auth_service", "level": "warning", "timestamp": "2026-02-05T22:33:14.326286Z"}
2026-02-05 23:33:14,326 - SECURITY - WARNING - {"username": "testuser", "event": "Pr\u00f3ba logowania nieistniej\u0105cego u\u017cytkownika", "logger": "services.auth_service", "level": "warning", "timestamp": "2026-02-05T22:33:14.326286Z"}
2026-02-05 23:33:14,326 - SECURITY - WARNING - {"username": "testuser", "event": "Pr\u00f3ba logowania nieistniej\u0105cego u\u017cytkownika", "logger": "services.auth_service", "level": "warning", "timestamp": "2026-02-05T22:33:14.326286Z"}
2026-02-05 23:33:14,326 - SECURITY - WARNING - {"username": "testuser", "event": "Pr\u00f3ba logowania nieistniej\u0105cego u\u017cytkownika", "logger": "services.auth_service", "level": "warning", "timestamp": "2026-02-05T22:33:14.326286Z"}
2026-02-05 23:33:14,326 - SECURITY - WARNING - {"username": "testuser", "event": "Pr\u00f3ba logowania nieistniej\u0105cego u\u017cytkownika", "logger": "services.auth_service", "level": "warning", "timestamp": "2026-02-05T22:33:14.326286Z"}
2026-02-05 23:33:14,326 - SECURITY - WARNING - {"username": "testuser", "event": "Pr\u00f3ba logowania nieistniej\u0105cego u\u017cytkownika", "logger": "services.auth_service", "level": "warning", "timestamp": "2026-02-05T22:33:14.326286Z"}
2026-02-05 23:33:14,326 - SECURITY - WARNING - {"username": "testuser", "event": "Nieudana pr\u00f3ba logowania", "logger": "routes.auth", "level": "warning", "timestamp": "2026-02-05T22:33:14.326843Z"}
2026-02-05 23:33:14,326 - SECURITY - WARNING - {"username": "testuser", "event": "Nieudana pr\u00f3ba logowania", "logger": "routes.auth", "level": "warning", "timestamp": "2026-02-05T22:33:14.326843Z"}
2026-02-05 23:33:14,326 - SECURITY - WARNING - {"username": "testuser", "event": "Nieudana pr\u00f3ba logowania", "logger": "routes.auth", "level": "warning", "timestamp": "2026-02-05T22:33:14.326843Z"}
2026-02-05 23:33:14,326 - SECURITY - WARNING - {"username": "testuser", "event": "Nieudana pr\u00f3ba logowania", "logger": "routes.auth", "level": "warning", "timestamp": "2026-02-05T22:33:14.326843Z"}
2026-02-05 23:33:14,326 - SECURITY - WARNING - {"username": "testuser", "event": "Nieudana pr\u00f3ba logowania", "logger": "routes.auth", "level": "warning", "timestamp": "2026-02-05T22:33:14.326843Z"}
2026-02-05 23:33:14,326 - SECURITY - WARNING - {"username": "testuser", "event": "Nieudana pr\u00f3ba logowania", "logger": "routes.auth", "level": "warning", "timestamp": "2026-02-05T22:33:14.326843Z"}
2026-02-05 23:33:14,326 - SECURITY - WARNING - {"username": "testuser", "event": "Nieudana pr\u00f3ba logowania", "logger": "routes.auth", "level": "warning", "timestamp": "2026-02-05T22:33:14.326843Z"}
2026-02-05 23:33:14,326 - SECURITY - WARNING - {"username": "testuser", "event": "Nieudana pr\u00f3ba logowania", "logger": "routes.auth", "level": "warning", "timestamp": "2026-02-05T22:33:14.326843Z"}
2026-02-05 23:33:14,326 - SECURITY - WARNING - {"username": "testuser", "event": "Nieudana pr\u00f3ba logowania", "logger": "routes.auth", "level": "warning", "timestamp": "2026-02-05T22:33:14.326843Z"}
2026-02-05 23:33:14,326 - SECURITY - WARNING - {"username": "testuser", "event": "Nieudana pr\u00f3ba logowania", "logger": "routes.auth", "level": "warning", "timestamp": "2026-02-05T22:33:14.326843Z"}
2026-02-05 23:33:14,326 - SECURITY - WARNING - {"username": "testuser", "event": "Nieudana pr\u00f3ba logowania", "logger": "routes.auth", "level": "warning", "timestamp": "2026-02-05T22:33:14.326843Z"}
2026-02-05 23:33:14,326 - SECURITY - WARNING - {"username": "testuser", "event": "Nieudana pr\u00f3ba logowania", "logger": "routes.auth", "level": "warning", "timestamp": "2026-02-05T22:33:14.326843Z"}
2026-02-05 23:33:14,326 - SECURITY - WARNING - {"username": "testuser", "event": "Nieudana pr\u00f3ba logowania", "logger": "routes.auth", "level": "warning", "timestamp": "2026-02-05T22:33:14.326843Z"}
2026-02-05 23:33:14,365 - SECURITY - WARNING - {"username": "testuser", "event": "Pr\u00f3ba logowania nieistniej\u0105cego u\u017cytkownika", "logger": "services.auth_service", "level": "warning", "timestamp": "2026-02-05T22:33:14.365109Z"}
2026-02-05 23:33:14,365 - SECURITY - WARNING - {"username": "testuser", "event": "Pr\u00f3ba logowania nieistniej\u0105cego u\u017cytkownika", "logger": "services.auth_service", "level": "warning", "timestamp": "2026-02-05T22:33:14.365109Z"}
2026-02-05 23:33:14,365 - SECURITY - WARNING - {"username": "testuser", "event": "Pr\u00f3ba logowania nieistniej\u0105cego u\u017cytkownika", "logger": "services.auth_service", "level": "warning", "timestamp": "2026-02-05T22:33:14.365109Z"}
2026-02-05 23:33:14,365 - SECURITY - WARNING - {"username": "testuser", "event": "Pr\u00f3ba logowania nieistniej\u0105cego u\u017cytkownika", "logger": "services.auth_service", "level": "warning", "timestamp": "2026-02-05T22:33:14.365109Z"}
2026-02-05 23:33:14,365 - SECURITY - WARNING - {"username": "testuser", "event": "Pr\u00f3ba logowania nieistniej\u0105cego u\u017cytkownika", "logger": "services.auth_service", "level": "warning", "timestamp": "2026-02-05T22:33:14.365109Z"}
2026-02-05 23:33:14,365 - SECURITY - WARNING - {"username": "testuser", "event": "Pr\u00f3ba logowania nieistniej\u0105cego u\u017cytkownika", "logger": "services.auth_service", "level": "warning", "timestamp": "2026-02-05T22:33:14.365109Z"}
2026-02-05 23:33:14,365 - SECURITY - WARNING - {"username": "testuser", "event": "Pr\u00f3ba logowania nieistniej\u0105cego u\u017cytkownika", "logger": "services.auth_service", "level": "warning", "timestamp": "2026-02-05T22:33:14.365109Z"}
2026-02-05 23:33:14,365 - SECURITY - WARNING - {"username": "testuser", "event": "Pr\u00f3ba logowania nieistniej\u0105cego u\u017cytkownika", "logger": "services.auth_service", "level": "warning", "timestamp": "2026-02-05T22:33:14.365109Z"}
2026-02-05 23:33:14,365 - SECURITY - WARNING - {"username": "testuser", "event": "Pr\u00f3ba logowania nieistniej\u0105cego u\u017cytkownika", "logger": "services.auth_service", "level": "warning", "timestamp": "2026-02-05T22:33:14.365109Z"}
2026-02-05 23:33:14,365 - SECURITY - WARNING - {"username": "testuser", "event": "Pr\u00f3ba logowania nieistniej\u0105cego u\u017cytkownika", "logger": "services.auth_service", "level": "warning", "timestamp": "2026-02-05T22:33:14.365109Z"}
2026-02-05 23:33:14,365 - SECURITY - WARNING - {"username": "testuser", "event": "Pr\u00f3ba logowania nieistniej\u0105cego u\u017cytkownika", "logger": "services.auth_service", "level": "warning", "timestamp": "2026-02-05T22:33:14.365109Z"}
2026-02-05 23:33:14,365 - SECURITY - WARNING - {"username": "testuser", "event": "Pr\u00f3ba logowania nieistniej\u0105cego u\u017cytkownika", "logger": "services.auth_service", "level": "warning", "timestamp": "2026-02-05T22:33:14.365109Z"}
2026-02-05 23:33:14,365 - SECURITY - WARNING - {"username": "testuser", "event": "Pr\u00f3ba logowania nieistniej\u0105cego u\u017cytkownika", "logger": "services.auth_service", "level": "warning", "timestamp": "2026-02-05T22:33:14.365109Z"}
2026-02-05 23:33:14,365 - SECURITY - WARNING - {"username": "testuser", "event": "Pr\u00f3ba logowania nieistniej\u0105cego u\u017cytkownika", "logger": "services.auth_service", "level": "warning", "timestamp": "2026-02-05T22:33:14.365109Z"}
2026-02-05 23:33:14,365 - SECURITY - WARNING - {"username": "testuser", "event": "Nieudana pr\u00f3ba logowania", "logger": "routes.auth", "level": "warning", "timestamp": "2026-02-05T22:33:14.365772Z"}
2026-02-05 23:33:14,365 - SECURITY - WARNING - {"username": "testuser", "event": "Nieudana pr\u00f3ba logowania", "logger": "routes.auth", "level": "warning", "timestamp": "2026-02-05T22:33:14.365772Z"}
2026-02-05 23:33:14,365 - SECURITY - WARNING - {"username": "testuser", "event": "Nieudana pr\u00f3ba logowania", "logger": "routes.auth", "level": "warning", "timestamp": "2026-02-05T22:33:14.365772Z"}
2026-02-05 23:33:14,365 - SECURITY - WARNING - {"username": "testuser", "event": "Nieudana pr\u00f3ba logowania", "logger": "routes.auth", "level": "warning", "timestamp": "2026-02-05T22:33:14.365772Z"}
2026-02-05 23:33:14,365 - SECURITY - WARNING - {"username": "testuser", "event": "Nieudana pr\u00f3ba logowania", "logger": "routes.auth", "level": "warning", "timestamp": "2026-02-05T22:33:14.365772Z"}
2026-02-05 23:33:14,365 - SECURITY - WARNING - {"username": "testuser", "event": "Nieudana pr\u00f3ba logowania", "logger": "routes.auth", "level": "warning", "timestamp": "2026-02-05T22:33:14.365772Z"}
2026-02-05 23:33:14,365 - SECURITY - WARNING - {"username": "testuser", "event": "Nieudana pr\u00f3ba logowania", "logger": "routes.auth", "level": "warning", "timestamp": "2026-02-05T22:33:14.365772Z"}
2026-02-05 23:33:14,365 - SECURITY - WARNING - {"username": "testuser", "event": "Nieudana pr\u00f3ba logowania", "logger": "routes.auth", "level": "warning", "timestamp": "2026-02-05T22:33:14.365772Z"}
2026-02-05 23:33:14,365 - SECURITY - WARNING - {"username": "testuser", "event": "Nieudana pr\u00f3ba logowania", "logger": "routes.auth", "level": "warning", "timestamp": "2026-02-05T22:33:14.365772Z"}
2026-02-05 23:33:14,365 - SECURITY - WARNING - {"username": "testuser", "event": "Nieudana pr\u00f3ba logowania", "logger": "routes.auth", "level": "warning", "timestamp": "2026-02-05T22:33:14.365772Z"}
2026-02-05 23:33:14,365 - SECURITY - WARNING - {"username": "testuser", "event": "Nieudana pr\u00f3ba logowania", "logger": "routes.auth", "level": "warning", "timestamp": "2026-02-05T22:33:14.365772Z"}
2026-02-05 23:33:14,365 - SECURITY - WARNING - {"username": "testuser", "event": "Nieudana pr\u00f3ba logowania", "logger": "routes.auth", "level": "warning", "timestamp": "2026-02-05T22:33:14.365772Z"}
2026-02-05 23:33:14,365 - SECURITY - WARNING - {"username": "testuser", "event": "Nieudana pr\u00f3ba logowania", "logger": "routes.auth", "level": "warning", "timestamp": "2026-02-05T22:33:14.365772Z"}
2026-02-05 23:33:14,365 - SECURITY - WARNING - {"username": "testuser", "event": "Nieudana pr\u00f3ba logowania", "logger": "routes.auth", "level": "warning", "timestamp": "2026-02-05T22:33:14.365772Z"}
2026-02-05 23:33:14,402 - SECURITY - WARNING - {"username": "testuser", "event": "Pr\u00f3ba logowania nieistniej\u0105cego u\u017cytkownika", "logger": "services.auth_service", "level": "warning", "timestamp": "2026-02-05T22:33:14.402879Z"}
2026-02-05 23:33:14,402 - SECURITY - WARNING - {"username": "testuser", "event": "Pr\u00f3ba logowania nieistniej\u0105cego u\u017cytkownika", "logger": "services.auth_service", "level": "warning", "timestamp": "2026-02-05T22:33:14.402879Z"}
2026-02-05 23:33:14,402 - SECURITY - WARNING - {"username": "testuser", "event": "Pr\u00f3ba logowania nieistniej\u0105cego u\u017cytkownika", "logger": "services.auth_service", "level": "warning", "timestamp": "2026-02-05T22:33:14.402879Z"}
2026-02-05 23:33:14,402 - SECURITY - WARNING - {"username": "testuser", "event": "Pr\u00f3ba logowania nieistniej\u0105cego u\u017cytkownika", "logger": "services.auth_service", "level": "warning", "timestamp": "2026-02-05T22:33:14.402879Z"}
2026-02-05 23:33:14,402 - SECURITY - WARNING - {"username": "testuser", "event": "Pr\u00f3ba logowania nieistniej\u0105cego u\u017cytkownika", "logger": "services.auth_service", "level": "warning", "timestamp": "2026-02-05T22:33:14.402879Z"}
2026-02-05 23:33:14,402 - SECURITY - WARNING - {"username": "testuser", "event": "Pr\u00f3ba logowania nieistniej\u0105cego u\u017cytkownika", "logger": "services.auth_service", "level": "warning", "timestamp": "2026-02-05T22:33:14.402879Z"}
2026-02-05 23:33:14,402 - SECURITY - WARNING - {"username": "testuser", "event": "Pr\u00f3ba logowania nieistniej\u0105cego u\u017cytkownika", "logger": "services.auth_service", "level": "warning", "timestamp": "2026-02-05T22:33:14.402879Z"}
2026-02-05 23:33:14,402 - SECURITY - WARNING - {"username": "testuser", "event": "Pr\u00f3ba logowania nieistniej\u0105cego u\u017cytkownika", "logger": "services.auth_service", "level": "warning", "timestamp": "2026-02-05T22:33:14.402879Z"}
2026-02-05 23:33:14,402 - SECURITY - WARNING - {"username": "testuser", "event": "Pr\u00f3ba logowania nieistniej\u0105cego u\u017cytkownika", "logger": "services.auth_service", "level": "warning", "timestamp": "2026-02-05T22:33:14.402879Z"}
2026-02-05 23:33:14,402 - SECURITY - WARNING - {"username": "testuser", "event": "Pr\u00f3ba logowania nieistniej\u0105cego u\u017cytkownika", "logger": "services.auth_service", "level": "warning", "timestamp": "2026-02-05T22:33:14.402879Z"}
2026-02-05 23:33:14,402 - SECURITY - WARNING - {"username": "testuser", "event": "Pr\u00f3ba logowania nieistniej\u0105cego u\u017cytkownika", "logger": "services.auth_service", "level": "warning", "timestamp": "2026-02-05T22:33:14.402879Z"}
2026-02-05 23:33:14,402 - SECURITY - WARNING - {"username": "testuser", "event": "Pr\u00f3ba logowania nieistniej\u0105cego u\u017cytkownika", "logger": "services.auth_service", "level": "warning", "timestamp": "2026-02-05T22:33:14.402879Z"}
2026-02-05 23:33:14,402 - SECURITY - WARNING - {"username": "testuser", "event": "Pr\u00f3ba logowania nieistniej\u0105cego u\u017cytkownika", "logger": "services.auth_service", "level": "warning", "timestamp": "2026-02-05T22:33:14.402879Z"}
2026-02-05 23:33:14,402 - SECURITY - WARNING - {"username": "testuser", "event": "Pr\u00f3ba logowania nieistniej\u0105cego u\u017cytkownika", "logger": "services.auth_service", "level": "warning", "timestamp": "2026-02-05T22:33:14.402879Z"}
2026-02-05 23:33:14,402 - SECURITY - WARNING - {"username": "testuser", "event": "Pr\u00f3ba logowania nieistniej\u0105cego u\u017cytkownika", "logger": "services.auth_service", "level": "warning", "timestamp": "2026-02-05T22:33:14.402879Z"}
2026-02-05 23:33:14,406 - SECURITY - WARNING - {"username": "testuser", "event": "Nieudana pr\u00f3ba logowania", "logger": "routes.auth", "level": "warning", "timestamp": "2026-02-05T22:33:14.406420Z"}
2026-02-05 23:33:14,406 - SECURITY - WARNING - {"username": "testuser", "event": "Nieudana pr\u00f3ba logowania", "logger": "routes.auth", "level": "warning", "timestamp": "2026-02-05T22:33:14.406420Z"}
2026-02-05 23:33:14,406 - SECURITY - WARNING - {"username": "testuser", "event": "Nieudana pr\u00f3ba logowania", "logger": "routes.auth", "level": "warning", "timestamp": "2026-02-05T22:33:14.406420Z"}
2026-02-05 23:33:14,406 - SECURITY - WARNING - {"username": "testuser", "event": "Nieudana pr\u00f3ba logowania", "logger": "routes.auth", "level": "warning", "timestamp": "2026-02-05T22:33:14.406420Z"}
2026-02-05 23:33:14,406 - SECURITY - WARNING - {"username": "testuser", "event": "Nieudana pr\u00f3ba logowania", "logger": "routes.auth", "level": "warning", "timestamp": "2026-02-05T22:33:14.406420Z"}
2026-02-05 23:33:14,406 - SECURITY - WARNING - {"username": "testuser", "event": "Nieudana pr\u00f3ba logowania", "logger": "routes.auth", "level": "warning", "timestamp": "2026-02-05T22:33:14.406420Z"}
2026-02-05 23:33:14,406 - SECURITY - WARNING - {"username": "testuser", "event": "Nieudana pr\u00f3ba logowania", "logger": "routes.auth", "level": "warning", "timestamp": "2026-02-05T22:33:14.406420Z"}
2026-02-05 23:33:14,406 - SECURITY - WARNING - {"username": "testuser", "event": "Nieudana pr\u00f3ba logowania", "logger": "routes.auth", "level": "warning", "timestamp": "2026-02-05T22:33:14.406420Z"}
2026-02-05 23:33:14,406 - SECURITY - WARNING - {"username": "testuser", "event": "Nieudana pr\u00f3ba logowania", "logger": "routes.auth", "level": "warning", "timestamp": "2026-02-05T22:33:14.406420Z"}
2026-02-05 23:33:14,406 - SECURITY - WARNING - {"username": "testuser", "event": "Nieudana pr\u00f3ba logowania", "logger": "routes.auth", "level": "warning", "timestamp": "2026-02-05T22:33:14.406420Z"}
2026-02-05 23:33:14,406 - SECURITY - WARNING - {"username": "testuser", "event": "Nieudana pr\u00f3ba logowania", "logger": "routes.auth", "level": "warning", "timestamp": "2026-02-05T22:33:14.406420Z"}
2026-02-05 23:33:14,406 - SECURITY - WARNING - {"username": "testuser", "event": "Nieudana pr\u00f3ba logowania", "logger": "routes.auth", "level": "warning", "timestamp": "2026-02-05T22:33:14.406420Z"}
2026-02-05 23:33:14,406 - SECURITY - WARNING - {"username": "testuser", "event": "Nieudana pr\u00f3ba logowania", "logger": "routes.auth", "level": "warning", "timestamp": "2026-02-05T22:33:14.406420Z"}
2026-02-05 23:33:14,406 - SECURITY - WARNING - {"username": "testuser", "event": "Nieudana pr\u00f3ba logowania", "logger": "routes.auth", "level": "warning", "timestamp": "2026-02-05T22:33:14.406420Z"}
2026-02-05 23:33:14,406 - SECURITY - WARNING - {"username": "testuser", "event": "Nieudana pr\u00f3ba logowania", "logger": "routes.auth", "level": "warning", "timestamp": "2026-02-05T22:33:14.406420Z"}
2026-02-06 00:21:10,034 - SECURITY - ERROR - {"error": "email must be str or bytes", "event": "B\u0142\u0105d rejestracji", "logger": "routes.auth", "level": "error", "timestamp": "2026-02-05T23:21:10.034257Z"}
2026-02-06 00:21:10,034 - SECURITY - ERROR - {"error": "email must be str or bytes", "event": "B\u0142\u0105d rejestracji", "logger": "routes.auth", "level": "error", "timestamp": "2026-02-05T23:21:10.034257Z"}
2026-02-06 00:21:10,979 - SECURITY - WARNING - {"username": "testuser", "event": "Nieprawid\u0142owe has\u0142o dla u\u017cytkownika", "logger": "services.auth_service", "level": "warning", "timestamp": "2026-02-05T23:21:10.979245Z"}
2026-02-06 00:21:10,979 - SECURITY - WARNING - {"username": "testuser", "event": "Nieprawid\u0142owe has\u0142o dla u\u017cytkownika", "logger": "services.auth_service", "level": "warning", "timestamp": "2026-02-05T23:21:10.979245Z"}
2026-02-06 00:21:10,979 - SECURITY - WARNING - {"username": "testuser", "event": "Nieprawid\u0142owe has\u0142o dla u\u017cytkownika", "logger": "services.auth_service", "level": "warning", "timestamp": "2026-02-05T23:21:10.979245Z"}
2026-02-06 00:21:10,979 - SECURITY - WARNING - {"username": "testuser", "event": "Nieprawid\u0142owe has\u0142o dla u\u017cytkownika", "logger": "services.auth_service", "level": "warning", "timestamp": "2026-02-05T23:21:10.979245Z"}
2026-02-06 00:21:10,979 - SECURITY - WARNING - {"username": "testuser", "event": "Nieprawid\u0142owe has\u0142o dla u\u017cytkownika", "logger": "services.auth_service", "level": "warning", "timestamp": "2026-02-05T23:21:10.979245Z"}
2026-02-06 00:21:10,979 - SECURITY - WARNING - {"username": "testuser", "event": "Nieudana pr\u00f3ba logowania", "logger": "routes.auth", "level": "warning", "timestamp": "2026-02-05T23:21:10.979869Z"}
2026-02-06 00:21:10,979 - SECURITY - WARNING - {"username": "testuser", "event": "Nieudana pr\u00f3ba logowania", "logger": "routes.auth", "level": "warning", "timestamp": "2026-02-05T23:21:10.979869Z"}
2026-02-06 00:21:10,979 - SECURITY - WARNING - {"username": "testuser", "event": "Nieudana pr\u00f3ba logowania", "logger": "routes.auth", "level": "warning", "timestamp": "2026-02-05T23:21:10.979869Z"}
2026-02-06 00:21:10,979 - SECURITY - WARNING - {"username": "testuser", "event": "Nieudana pr\u00f3ba logowania", "logger": "routes.auth", "level": "warning", "timestamp": "2026-02-05T23:21:10.979869Z"}
2026-02-06 00:21:10,979 - SECURITY - WARNING - {"username": "testuser", "event": "Nieudana pr\u00f3ba logowania", "logger": "routes.auth", "level": "warning", "timestamp": "2026-02-05T23:21:10.979869Z"}
2026-02-06 08:26:47,642 - SECURITY - WARNING - {"username": "ab", "event": "Pr\u00f3ba logowania nieistniej\u0105cego u\u017cytkownika", "logger": "services.auth_service", "level": "warning", "timestamp": "2026-02-06T07:26:47.642671Z"}
2026-02-06 08:26:47,652 - SECURITY - WARNING - {"username": "ab", "event": "Nieudana pr\u00f3ba logowania", "logger": "routes.auth", "level": "warning", "timestamp": "2026-02-06T07:26:47.652106Z"}
2026-02-06 08:26:56,465 - SECURITY - WARNING - {"username": "abc1", "event": "Nieprawid\u0142owe has\u0142o dla u\u017cytkownika", "logger": "services.auth_service", "level": "warning", "timestamp": "2026-02-06T07:26:56.465388Z"}
2026-02-06 08:26:56,466 - SECURITY - WARNING - {"username": "abc1", "event": "Nieudana pr\u00f3ba logowania", "logger": "routes.auth", "level": "warning", "timestamp": "2026-02-06T07:26:56.466147Z"}
2026-02-06 08:27:51,995 - SECURITY - WARNING - {"username": "abc", "event": "Nieprawid\u0142owe has\u0142o dla u\u017cytkownika", "logger": "services.auth_service", "level": "warning", "timestamp": "2026-02-06T07:27:51.995852Z"}
2026-02-06 08:27:51,996 - SECURITY - WARNING - {"username": "abc", "event": "Nieudana pr\u00f3ba logowania", "logger": "routes.auth", "level": "warning", "timestamp": "2026-02-06T07:27:51.996495Z"}
2026-02-06 08:28:00,342 - SECURITY - WARNING - {"username": "abc", "event": "Nieprawid\u0142owe has\u0142o dla u\u017cytkownika", "logger": "services.auth_service", "level": "warning", "timestamp": "2026-02-06T07:28:00.342151Z"}
2026-02-06 08:28:00,342 - SECURITY - WARNING - {"username": "abc", "event": "Nieudana pr\u00f3ba logowania", "logger": "routes.auth", "level": "warning", "timestamp": "2026-02-06T07:28:00.342807Z"}
2026-02-06 08:40:53,106 - SECURITY - WARNING - {"username": "test2", "event": "Nieprawid\u0142owe has\u0142o dla u\u017cytkownika", "logger": "services.auth_service", "level": "warning", "timestamp": "2026-02-06T07:40:53.105964Z"}
2026-02-06 08:40:53,107 - SECURITY - WARNING - {"username": "test2", "event": "Nieudana pr\u00f3ba logowania", "logger": "routes.auth", "level": "warning", "timestamp": "2026-02-06T07:40:53.107144Z"}
2026-02-06 08:55:33,905 - SECURITY - WARNING - {"username": "tes1", "event": "Pr\u00f3ba logowania nieistniej\u0105cego u\u017cytkownika", "logger": "services.auth_service", "level": "warning", "timestamp": "2026-02-06T07:55:33.905013Z"}
2026-02-06 08:55:33,906 - SECURITY - WARNING - {"username": "tes1", "event": "Nieudana pr\u00f3ba logowania", "logger": "routes.auth", "level": "warning", "timestamp": "2026-02-06T07:55:33.906094Z"}
2026-02-06 08:55:34,060 - SECURITY - WARNING - {"username": "tes1", "event": "Pr\u00f3ba logowania nieistniej\u0105cego u\u017cytkownika", "logger": "services.auth_service", "level": "warning", "timestamp": "2026-02-06T07:55:34.060241Z"}
2026-02-06 08:55:34,061 - SECURITY - WARNING - {"username": "tes1", "event": "Nieudana pr\u00f3ba logowania", "logger": "routes.auth", "level": "warning", "timestamp": "2026-02-06T07:55:34.061106Z"}
2026-02-06 08:55:34,164 - SECURITY - WARNING - {"username": "tes1", "event": "Pr\u00f3ba logowania nieistniej\u0105cego u\u017cytkownika", "logger": "services.auth_service", "level": "warning", "timestamp": "2026-02-06T07:55:34.164406Z"}
2026-02-06 08:55:34,166 - SECURITY - WARNING - {"username": "tes1", "event": "Nieudana pr\u00f3ba logowania", "logger": "routes.auth", "level": "warning", "timestamp": "2026-02-06T07:55:34.166464Z"}
2026-02-06 08:55:34,214 - SECURITY - WARNING - {"username": "tes1", "event": "Pr\u00f3ba logowania nieistniej\u0105cego u\u017cytkownika", "logger": "services.auth_service", "level": "warning", "timestamp": "2026-02-06T07:55:34.213892Z"}
2026-02-06 08:55:34,214 - SECURITY - WARNING - {"username": "tes1", "event": "Nieudana pr\u00f3ba logowania", "logger": "routes.auth", "level": "warning", "timestamp": "2026-02-06T07:55:34.214649Z"}
2026-02-06 08:55:34,365 - SECURITY - WARNING - {"username": "tes1", "event": "Pr\u00f3ba logowania nieistniej\u0105cego u\u017cytkownika", "logger": "services.auth_service", "level": "warning", "timestamp": "2026-02-06T07:55:34.365622Z"}
2026-02-06 08:55:34,366 - SECURITY - WARNING - {"username": "tes1", "event": "Nieudana pr\u00f3ba logowania", "logger": "routes.auth", "level": "warning", "timestamp": "2026-02-06T07:55:34.366200Z"}
2026-02-06 08:55:34,519 - SECURITY - WARNING - {"username": "tes1", "event": "Pr\u00f3ba logowania nieistniej\u0105cego u\u017cytkownika", "logger": "services.auth_service", "level": "warning", "timestamp": "2026-02-06T07:55:34.519740Z"}
2026-02-06 08:55:34,520 - SECURITY - WARNING - {"username": "tes1", "event": "Nieudana pr\u00f3ba logowania", "logger": "routes.auth", "level": "warning", "timestamp": "2026-02-06T07:55:34.520610Z"}
2026-02-06 08:55:34,669 - SECURITY - WARNING - {"username": "tes1", "event": "Pr\u00f3ba logowania nieistniej\u0105cego u\u017cytkownika", "logger": "services.auth_service", "level": "warning", "timestamp": "2026-02-06T07:55:34.669798Z"}
2026-02-06 08:55:34,670 - SECURITY - WARNING - {"username": "tes1", "event": "Nieudana pr\u00f3ba logowania", "logger": "routes.auth", "level": "warning", "timestamp": "2026-02-06T07:55:34.670600Z"}
2026-02-06 08:55:34,829 - SECURITY - WARNING - {"username": "tes1", "event": "Pr\u00f3ba logowania nieistniej\u0105cego u\u017cytkownika", "logger": "services.auth_service", "level": "warning", "timestamp": "2026-02-06T07:55:34.829631Z"}
2026-02-06 08:55:34,830 - SECURITY - WARNING - {"username": "tes1", "event": "Nieudana pr\u00f3ba logowania", "logger": "routes.auth", "level": "warning", "timestamp": "2026-02-06T07:55:34.830464Z"}
2026-02-06 08:55:34,971 - SECURITY - WARNING - {"username": "tes1", "event": "Pr\u00f3ba logowania nieistniej\u0105cego u\u017cytkownika", "logger": "services.auth_service", "level": "warning", "timestamp": "2026-02-06T07:55:34.971003Z"}
2026-02-06 08:55:34,971 - SECURITY - WARNING - {"username": "tes1", "event": "Nieudana pr\u00f3ba logowania", "logger": "routes.auth", "level": "warning", "timestamp": "2026-02-06T07:55:34.971717Z"}
2026-02-06 08:55:35,144 - SECURITY - WARNING - {"username": "tes1", "event": "Pr\u00f3ba logowania nieistniej\u0105cego u\u017cytkownika", "logger": "services.auth_service", "level": "warning", "timestamp": "2026-02-06T07:55:35.144288Z"}
2026-02-06 08:55:35,145 - SECURITY - WARNING - {"username": "tes1", "event": "Nieudana pr\u00f3ba logowania", "logger": "routes.auth", "level": "warning", "timestamp": "2026-02-06T07:55:35.145002Z"}
2026-02-06 09:13:28,610 - SECURITY - WARNING - {"username": "test1", "event": "Nieprawid\u0142owe has\u0142o dla u\u017cytkownika", "logger": "services.auth_service", "level": "warning", "timestamp": "2026-02-06T08:13:28.610790Z"}
2026-02-06 09:13:28,611 - SECURITY - WARNING - {"username": "test1", "event": "Nieudana pr\u00f3ba logowania", "logger": "routes.auth", "level": "warning", "timestamp": "2026-02-06T08:13:28.611544Z"}
